{"C:\\Code\\inexu-coordinadora\\iuKer\\src\\core\\aplicacion\\citaMedica\\CitasMedicasCasosUso.ts": {"path":"C:\\Code\\inexu-coordinadora\\iuKer\\src\\core\\aplicacion\\citaMedica\\CitasMedicasCasosUso.ts","statementMap":{"0":{"start":{"line":4,"column":0},"end":{"line":4,"column":79}},"1":{"start":{"line":5,"column":0},"end":{"line":5,"column":78}},"2":{"start":{"line":8,"column":22},"end":{"line":8,"column":71}},"3":{"start":{"line":11,"column":4},"end":{"line":11,"column":67}},"4":{"start":{"line":17,"column":27},"end":{"line":18,"column":null}},"5":{"start":{"line":21,"column":4},"end":{"line":23,"column":5}},"6":{"start":{"line":22,"column":6},"end":{"line":22,"column":63}},"7":{"start":{"line":25,"column":4},"end":{"line":25,"column":26}},"8":{"start":{"line":29,"column":30},"end":{"line":29,"column":65}},"9":{"start":{"line":31,"column":4},"end":{"line":33,"column":5}},"10":{"start":{"line":32,"column":6},"end":{"line":32,"column":63}},"11":{"start":{"line":35,"column":4},"end":{"line":35,"column":60}},"12":{"start":{"line":7,"column":0},"end":{"line":7,"column":13}}},"fnMap":{"0":{"name":"(anonymous_0)","decl":{"start":{"line":8,"column":2},"end":{"line":8,"column":22}},"loc":{"start":{"line":8,"column":71},"end":{"line":8,"column":75}}},"1":{"name":"(anonymous_1)","decl":{"start":{"line":10,"column":2},"end":{"line":10,"column":7}},"loc":{"start":{"line":10,"column":36},"end":{"line":12,"column":3}}},"2":{"name":"(anonymous_2)","decl":{"start":{"line":14,"column":2},"end":{"line":14,"column":7}},"loc":{"start":{"line":15,"column":18},"end":{"line":26,"column":3}}},"3":{"name":"(anonymous_3)","decl":{"start":{"line":28,"column":2},"end":{"line":28,"column":7}},"loc":{"start":{"line":28,"column":35},"end":{"line":36,"column":3}}}},"branchMap":{"0":{"loc":{"start":{"line":21,"column":4},"end":{"line":23,"column":5}},"type":"if","locations":[{"start":{"line":21,"column":4},"end":{"line":23,"column":5}},{"start":{},"end":{}}]},"1":{"loc":{"start":{"line":31,"column":4},"end":{"line":33,"column":5}},"type":"if","locations":[{"start":{"line":31,"column":4},"end":{"line":33,"column":5}},{"start":{},"end":{}}]}},"s":{"0":1,"1":1,"2":7,"3":3,"4":4,"5":4,"6":2,"7":2,"8":2,"9":1,"10":0,"11":1,"12":1},"f":{"0":7,"1":3,"2":4,"3":2},"b":{"0":[2,2],"1":[0,1]}}
,"C:\\Code\\inexu-coordinadora\\iuKer\\src\\core\\aplicacion\\consultorio\\ConsultoriosCasosUso.ts": {"path":"C:\\Code\\inexu-coordinadora\\iuKer\\src\\core\\aplicacion\\consultorio\\ConsultoriosCasosUso.ts","statementMap":{"0":{"start":{"line":5,"column":0},"end":{"line":5,"column":78}},"1":{"start":{"line":6,"column":0},"end":{"line":6,"column":79}},"2":{"start":{"line":9,"column":22},"end":{"line":9,"column":70}},"3":{"start":{"line":15,"column":6},"end":{"line":16,"column":null}},"4":{"start":{"line":19,"column":4},"end":{"line":21,"column":5}},"5":{"start":{"line":20,"column":6},"end":{"line":20,"column":70}},"6":{"start":{"line":24,"column":6},"end":{"line":24,"column":76}},"7":{"start":{"line":25,"column":4},"end":{"line":25,"column":30}},"8":{"start":{"line":31,"column":4},"end":{"line":31,"column":72}},"9":{"start":{"line":38,"column":6},"end":{"line":38,"column":78}},"10":{"start":{"line":40,"column":4},"end":{"line":42,"column":5}},"11":{"start":{"line":41,"column":6},"end":{"line":41,"column":70}},"12":{"start":{"line":44,"column":4},"end":{"line":44,"column":37}},"13":{"start":{"line":45,"column":4},"end":{"line":45,"column":31}},"14":{"start":{"line":53,"column":6},"end":{"line":53,"column":78}},"15":{"start":{"line":55,"column":4},"end":{"line":57,"column":5}},"16":{"start":{"line":56,"column":6},"end":{"line":56,"column":70}},"17":{"start":{"line":60,"column":6},"end":{"line":62,"column":null}},"18":{"start":{"line":64,"column":4},"end":{"line":64,"column":42}},"19":{"start":{"line":69,"column":6},"end":{"line":69,"column":78}},"20":{"start":{"line":71,"column":4},"end":{"line":73,"column":5}},"21":{"start":{"line":72,"column":6},"end":{"line":72,"column":70}},"22":{"start":{"line":75,"column":4},"end":{"line":75,"column":73}},"23":{"start":{"line":8,"column":0},"end":{"line":8,"column":13}}},"fnMap":{"0":{"name":"(anonymous_0)","decl":{"start":{"line":9,"column":2},"end":{"line":9,"column":22}},"loc":{"start":{"line":9,"column":70},"end":{"line":9,"column":74}}},"1":{"name":"(anonymous_1)","decl":{"start":{"line":11,"column":2},"end":{"line":11,"column":7}},"loc":{"start":{"line":12,"column":34},"end":{"line":26,"column":3}}},"2":{"name":"(anonymous_2)","decl":{"start":{"line":28,"column":2},"end":{"line":28,"column":7}},"loc":{"start":{"line":29,"column":19},"end":{"line":32,"column":3}}},"3":{"name":"(anonymous_3)","decl":{"start":{"line":34,"column":2},"end":{"line":34,"column":7}},"loc":{"start":{"line":35,"column":25},"end":{"line":46,"column":3}}},"4":{"name":"(anonymous_4)","decl":{"start":{"line":48,"column":2},"end":{"line":48,"column":7}},"loc":{"start":{"line":50,"column":29},"end":{"line":65,"column":3}}},"5":{"name":"(anonymous_5)","decl":{"start":{"line":67,"column":2},"end":{"line":67,"column":7}},"loc":{"start":{"line":67,"column":49},"end":{"line":76,"column":3}}}},"branchMap":{"0":{"loc":{"start":{"line":19,"column":4},"end":{"line":21,"column":5}},"type":"if","locations":[{"start":{"line":19,"column":4},"end":{"line":21,"column":5}},{"start":{},"end":{}}]},"1":{"loc":{"start":{"line":40,"column":4},"end":{"line":42,"column":5}},"type":"if","locations":[{"start":{"line":40,"column":4},"end":{"line":42,"column":5}},{"start":{},"end":{}}]},"2":{"loc":{"start":{"line":55,"column":4},"end":{"line":57,"column":5}},"type":"if","locations":[{"start":{"line":55,"column":4},"end":{"line":57,"column":5}},{"start":{},"end":{}}]},"3":{"loc":{"start":{"line":64,"column":11},"end":{"line":64,"column":41}},"type":"binary-expr","locations":[{"start":{"line":64,"column":11},"end":{"line":64,"column":33}},{"start":{"line":64,"column":37},"end":{"line":64,"column":41}}]},"4":{"loc":{"start":{"line":71,"column":4},"end":{"line":73,"column":5}},"type":"if","locations":[{"start":{"line":71,"column":4},"end":{"line":73,"column":5}},{"start":{},"end":{}}]}},"s":{"0":1,"1":1,"2":17,"3":5,"4":5,"5":1,"6":4,"7":4,"8":3,"9":3,"10":3,"11":1,"12":2,"13":2,"14":3,"15":3,"16":1,"17":2,"18":2,"19":3,"20":3,"21":1,"22":2,"23":1},"f":{"0":17,"1":5,"2":3,"3":3,"4":3,"5":3},"b":{"0":[1,4],"1":[1,2],"2":[1,2],"3":[2,1],"4":[1,2]}}
,"C:\\Code\\inexu-coordinadora\\iuKer\\src\\core\\aplicacion\\medico\\MedicosCasosUso.ts": {"path":"C:\\Code\\inexu-coordinadora\\iuKer\\src\\core\\aplicacion\\medico\\MedicosCasosUso.ts","statementMap":{"0":{"start":{"line":11,"column":12},"end":{"line":11,"column":51}},"1":{"start":{"line":12,"column":12},"end":{"line":12,"column":69}},"2":{"start":{"line":13,"column":12},"end":{"line":13,"column":61}},"3":{"start":{"line":17,"column":4},"end":{"line":17,"column":66}},"4":{"start":{"line":21,"column":4},"end":{"line":21,"column":63}},"5":{"start":{"line":27,"column":4},"end":{"line":29,"column":6}},"6":{"start":{"line":36,"column":4},"end":{"line":39,"column":6}},"7":{"start":{"line":43,"column":4},"end":{"line":45,"column":6}},"8":{"start":{"line":46,"column":4},"end":{"line":48,"column":6}},"9":{"start":{"line":49,"column":4},"end":{"line":49,"column":69}}},"fnMap":{"0":{"name":"(anonymous_0)","decl":{"start":{"line":10,"column":2},"end":{"line":10,"column":null}},"loc":{"start":{"line":13,"column":61},"end":{"line":14,"column":6}}},"1":{"name":"(anonymous_1)","decl":{"start":{"line":16,"column":2},"end":{"line":16,"column":7}},"loc":{"start":{"line":16,"column":40},"end":{"line":18,"column":3}}},"2":{"name":"(anonymous_2)","decl":{"start":{"line":20,"column":2},"end":{"line":20,"column":7}},"loc":{"start":{"line":20,"column":37},"end":{"line":22,"column":3}}},"3":{"name":"(anonymous_3)","decl":{"start":{"line":24,"column":2},"end":{"line":24,"column":7}},"loc":{"start":{"line":25,"column":30},"end":{"line":30,"column":3}}},"4":{"name":"(anonymous_4)","decl":{"start":{"line":32,"column":2},"end":{"line":32,"column":7}},"loc":{"start":{"line":34,"column":45},"end":{"line":40,"column":3}}},"5":{"name":"(anonymous_5)","decl":{"start":{"line":42,"column":2},"end":{"line":42,"column":7}},"loc":{"start":{"line":42,"column":49},"end":{"line":50,"column":3}}}},"branchMap":{},"s":{"0":0,"1":0,"2":0,"3":0,"4":0,"5":0,"6":0,"7":0,"8":0,"9":0},"f":{"0":0,"1":0,"2":0,"3":0,"4":0,"5":0},"b":{}}
,"C:\\Code\\inexu-coordinadora\\iuKer\\src\\core\\aplicacion\\paciente\\PacientesCasosUso.ts": {"path":"C:\\Code\\inexu-coordinadora\\iuKer\\src\\core\\aplicacion\\paciente\\PacientesCasosUso.ts","statementMap":{"0":{"start":{"line":12,"column":12},"end":{"line":12,"column":55}},"1":{"start":{"line":13,"column":12},"end":{"line":13,"column":61}},"2":{"start":{"line":17,"column":4},"end":{"line":17,"column":68}},"3":{"start":{"line":24,"column":6},"end":{"line":24,"column":69}},"4":{"start":{"line":26,"column":4},"end":{"line":28,"column":5}},"5":{"start":{"line":27,"column":6},"end":{"line":27,"column":67}},"6":{"start":{"line":30,"column":4},"end":{"line":30,"column":28}},"7":{"start":{"line":36,"column":30},"end":{"line":36,"column":57}},"8":{"start":{"line":39,"column":6},"end":{"line":41,"column":null}},"9":{"start":{"line":44,"column":4},"end":{"line":46,"column":5}},"10":{"start":{"line":45,"column":6},"end":{"line":45,"column":67}},"11":{"start":{"line":48,"column":27},"end":{"line":49,"column":null}},"12":{"start":{"line":51,"column":4},"end":{"line":51,"column":26}},"13":{"start":{"line":58,"column":27},"end":{"line":59,"column":null}},"14":{"start":{"line":62,"column":4},"end":{"line":64,"column":5}},"15":{"start":{"line":63,"column":6},"end":{"line":63,"column":67}},"16":{"start":{"line":67,"column":6},"end":{"line":67,"column":77}},"17":{"start":{"line":68,"column":4},"end":{"line":68,"column":39}},"18":{"start":{"line":72,"column":31},"end":{"line":73,"column":null}},"19":{"start":{"line":76,"column":4},"end":{"line":81,"column":5}},"20":{"start":{"line":77,"column":6},"end":{"line":80,"column":8}},"21":{"start":{"line":82,"column":4},"end":{"line":82,"column":70}}},"fnMap":{"0":{"name":"(anonymous_0)","decl":{"start":{"line":11,"column":2},"end":{"line":11,"column":null}},"loc":{"start":{"line":13,"column":61},"end":{"line":14,"column":6}}},"1":{"name":"(anonymous_1)","decl":{"start":{"line":16,"column":2},"end":{"line":16,"column":7}},"loc":{"start":{"line":16,"column":40},"end":{"line":18,"column":3}}},"2":{"name":"(anonymous_2)","decl":{"start":{"line":20,"column":2},"end":{"line":20,"column":7}},"loc":{"start":{"line":21,"column":21},"end":{"line":31,"column":3}}},"3":{"name":"(anonymous_3)","decl":{"start":{"line":33,"column":2},"end":{"line":33,"column":7}},"loc":{"start":{"line":34,"column":28},"end":{"line":52,"column":3}}},"4":{"name":"(anonymous_4)","decl":{"start":{"line":54,"column":2},"end":{"line":54,"column":7}},"loc":{"start":{"line":56,"column":22},"end":{"line":69,"column":3}}},"5":{"name":"(anonymous_5)","decl":{"start":{"line":71,"column":2},"end":{"line":71,"column":7}},"loc":{"start":{"line":71,"column":48},"end":{"line":83,"column":3}}}},"branchMap":{"0":{"loc":{"start":{"line":26,"column":4},"end":{"line":28,"column":5}},"type":"if","locations":[{"start":{"line":26,"column":4},"end":{"line":28,"column":5}},{"start":{},"end":{}}]},"1":{"loc":{"start":{"line":44,"column":4},"end":{"line":46,"column":5}},"type":"if","locations":[{"start":{"line":44,"column":4},"end":{"line":46,"column":5}},{"start":{},"end":{}}]},"2":{"loc":{"start":{"line":62,"column":4},"end":{"line":64,"column":5}},"type":"if","locations":[{"start":{"line":62,"column":4},"end":{"line":64,"column":5}},{"start":{},"end":{}}]},"3":{"loc":{"start":{"line":68,"column":11},"end":{"line":68,"column":38}},"type":"binary-expr","locations":[{"start":{"line":68,"column":11},"end":{"line":68,"column":30}},{"start":{"line":68,"column":34},"end":{"line":68,"column":38}}]},"4":{"loc":{"start":{"line":76,"column":4},"end":{"line":81,"column":5}},"type":"if","locations":[{"start":{"line":76,"column":4},"end":{"line":81,"column":5}},{"start":{},"end":{}}]}},"s":{"0":0,"1":0,"2":0,"3":0,"4":0,"5":0,"6":0,"7":0,"8":0,"9":0,"10":0,"11":0,"12":0,"13":0,"14":0,"15":0,"16":0,"17":0,"18":0,"19":0,"20":0,"21":0},"f":{"0":0,"1":0,"2":0,"3":0,"4":0,"5":0},"b":{"0":[0,0],"1":[0,0],"2":[0,0],"3":[0,0],"4":[0,0]}}
,"C:\\Code\\inexu-coordinadora\\iuKer\\src\\core\\aplicacion\\servicios\\agendamientoCitasMedicas\\AgendamientoCitasCasosUso.ts": {"path":"C:\\Code\\inexu-coordinadora\\iuKer\\src\\core\\aplicacion\\servicios\\agendamientoCitasMedicas\\AgendamientoCitasCasosUso.ts","statementMap":{"0":{"start":{"line":14,"column":12},"end":{"line":14,"column":61}},"1":{"start":{"line":15,"column":12},"end":{"line":15,"column":51}},"2":{"start":{"line":16,"column":12},"end":{"line":16,"column":55}},"3":{"start":{"line":22,"column":4},"end":{"line":22,"column":66}},"4":{"start":{"line":23,"column":4},"end":{"line":23,"column":53}},"5":{"start":{"line":24,"column":4},"end":{"line":24,"column":80}},"6":{"start":{"line":25,"column":4},"end":{"line":29,"column":6}},"7":{"start":{"line":30,"column":4},"end":{"line":34,"column":6}},"8":{"start":{"line":35,"column":4},"end":{"line":40,"column":6}},"9":{"start":{"line":42,"column":25},"end":{"line":42,"column":56}},"10":{"start":{"line":44,"column":4},"end":{"line":44,"column":72}},"11":{"start":{"line":48,"column":21},"end":{"line":49,"column":null}},"12":{"start":{"line":52,"column":4},"end":{"line":52,"column":80}},"13":{"start":{"line":52,"column":19},"end":{"line":52,"column":80}},"14":{"start":{"line":57,"column":6},"end":{"line":58,"column":null}},"15":{"start":{"line":61,"column":4},"end":{"line":61,"column":76}},"16":{"start":{"line":61,"column":17},"end":{"line":61,"column":76}},"17":{"start":{"line":65,"column":22},"end":{"line":65,"column":65}},"18":{"start":{"line":66,"column":4},"end":{"line":67,"column":78}},"19":{"start":{"line":67,"column":6},"end":{"line":67,"column":78}},"20":{"start":{"line":76,"column":6},"end":{"line":79,"column":null}},"21":{"start":{"line":82,"column":4},"end":{"line":83,"column":69}},"22":{"start":{"line":83,"column":6},"end":{"line":83,"column":69}},"23":{"start":{"line":92,"column":6},"end":{"line":95,"column":null}},"24":{"start":{"line":98,"column":4},"end":{"line":99,"column":69}},"25":{"start":{"line":99,"column":6},"end":{"line":99,"column":69}},"26":{"start":{"line":109,"column":6},"end":{"line":113,"column":null}},"27":{"start":{"line":116,"column":4},"end":{"line":119,"column":8}},"28":{"start":{"line":117,"column":6},"end":{"line":119,"column":8}}},"fnMap":{"0":{"name":"(anonymous_0)","decl":{"start":{"line":13,"column":2},"end":{"line":13,"column":null}},"loc":{"start":{"line":16,"column":55},"end":{"line":17,"column":6}}},"1":{"name":"(anonymous_1)","decl":{"start":{"line":19,"column":2},"end":{"line":19,"column":7}},"loc":{"start":{"line":20,"column":43},"end":{"line":45,"column":3}}},"2":{"name":"(anonymous_2)","decl":{"start":{"line":47,"column":10},"end":{"line":47,"column":15}},"loc":{"start":{"line":47,"column":50},"end":{"line":53,"column":3}}},"3":{"name":"(anonymous_3)","decl":{"start":{"line":55,"column":10},"end":{"line":55,"column":15}},"loc":{"start":{"line":55,"column":46},"end":{"line":62,"column":3}}},"4":{"name":"(anonymous_4)","decl":{"start":{"line":64,"column":10},"end":{"line":64,"column":29}},"loc":{"start":{"line":64,"column":63},"end":{"line":68,"column":3}}},"5":{"name":"(anonymous_5)","decl":{"start":{"line":70,"column":10},"end":{"line":70,"column":15}},"loc":{"start":{"line":73,"column":22},"end":{"line":84,"column":3}}},"6":{"name":"(anonymous_6)","decl":{"start":{"line":86,"column":10},"end":{"line":86,"column":15}},"loc":{"start":{"line":89,"column":22},"end":{"line":100,"column":3}}},"7":{"name":"(anonymous_7)","decl":{"start":{"line":102,"column":10},"end":{"line":102,"column":15}},"loc":{"start":{"line":106,"column":22},"end":{"line":120,"column":3}}}},"branchMap":{"0":{"loc":{"start":{"line":52,"column":4},"end":{"line":52,"column":80}},"type":"if","locations":[{"start":{"line":52,"column":4},"end":{"line":52,"column":80}},{"start":{},"end":{}}]},"1":{"loc":{"start":{"line":61,"column":4},"end":{"line":61,"column":76}},"type":"if","locations":[{"start":{"line":61,"column":4},"end":{"line":61,"column":76}},{"start":{},"end":{}}]},"2":{"loc":{"start":{"line":66,"column":4},"end":{"line":67,"column":78}},"type":"if","locations":[{"start":{"line":66,"column":4},"end":{"line":67,"column":78}},{"start":{},"end":{}}]},"3":{"loc":{"start":{"line":82,"column":4},"end":{"line":83,"column":69}},"type":"if","locations":[{"start":{"line":82,"column":4},"end":{"line":83,"column":69}},{"start":{},"end":{}}]},"4":{"loc":{"start":{"line":98,"column":4},"end":{"line":99,"column":69}},"type":"if","locations":[{"start":{"line":98,"column":4},"end":{"line":99,"column":69}},{"start":{},"end":{}}]},"5":{"loc":{"start":{"line":116,"column":4},"end":{"line":119,"column":8}},"type":"if","locations":[{"start":{"line":116,"column":4},"end":{"line":119,"column":8}},{"start":{},"end":{}}]}},"s":{"0":0,"1":0,"2":0,"3":0,"4":0,"5":0,"6":0,"7":0,"8":0,"9":0,"10":0,"11":0,"12":0,"13":0,"14":0,"15":0,"16":0,"17":0,"18":0,"19":0,"20":0,"21":0,"22":0,"23":0,"24":0,"25":0,"26":0,"27":0,"28":0},"f":{"0":0,"1":0,"2":0,"3":0,"4":0,"5":0,"6":0,"7":0},"b":{"0":[0,0],"1":[0,0],"2":[0,0],"3":[0,0],"4":[0,0],"5":[0,0]}}
,"C:\\Code\\inexu-coordinadora\\iuKer\\src\\core\\aplicacion\\servicios\\asignacionMedico\\AsignacionCasosUso.ts": {"path":"C:\\Code\\inexu-coordinadora\\iuKer\\src\\core\\aplicacion\\servicios\\asignacionMedico\\AsignacionCasosUso.ts","statementMap":{"0":{"start":{"line":12,"column":12},"end":{"line":12,"column":69}},"1":{"start":{"line":13,"column":12},"end":{"line":13,"column":50}},"2":{"start":{"line":14,"column":12},"end":{"line":14,"column":60}},"3":{"start":{"line":19,"column":6},"end":{"line":20,"column":null}},"4":{"start":{"line":22,"column":4},"end":{"line":24,"column":5}},"5":{"start":{"line":23,"column":6},"end":{"line":23,"column":65}},"6":{"start":{"line":27,"column":6},"end":{"line":28,"column":null}},"7":{"start":{"line":30,"column":4},"end":{"line":32,"column":5}},"8":{"start":{"line":31,"column":6},"end":{"line":31,"column":70}},"9":{"start":{"line":35,"column":6},"end":{"line":40,"column":null}},"10":{"start":{"line":42,"column":4},"end":{"line":46,"column":5}},"11":{"start":{"line":43,"column":6},"end":{"line":45,"column":8}},"12":{"start":{"line":49,"column":6},"end":{"line":53,"column":null}},"13":{"start":{"line":55,"column":4},"end":{"line":57,"column":5}},"14":{"start":{"line":56,"column":6},"end":{"line":56,"column":68}},"15":{"start":{"line":60,"column":32},"end":{"line":60,"column":69}},"16":{"start":{"line":63,"column":6},"end":{"line":64,"column":null}},"17":{"start":{"line":67,"column":4},"end":{"line":67,"column":45}},"18":{"start":{"line":71,"column":4},"end":{"line":73,"column":6}}},"fnMap":{"0":{"name":"(anonymous_0)","decl":{"start":{"line":11,"column":2},"end":{"line":11,"column":null}},"loc":{"start":{"line":14,"column":60},"end":{"line":15,"column":6}}},"1":{"name":"(anonymous_1)","decl":{"start":{"line":17,"column":2},"end":{"line":17,"column":7}},"loc":{"start":{"line":17,"column":58},"end":{"line":68,"column":3}}},"2":{"name":"(anonymous_2)","decl":{"start":{"line":70,"column":2},"end":{"line":70,"column":7}},"loc":{"start":{"line":70,"column":59},"end":{"line":74,"column":3}}}},"branchMap":{"0":{"loc":{"start":{"line":22,"column":4},"end":{"line":24,"column":5}},"type":"if","locations":[{"start":{"line":22,"column":4},"end":{"line":24,"column":5}},{"start":{},"end":{}}]},"1":{"loc":{"start":{"line":30,"column":4},"end":{"line":32,"column":5}},"type":"if","locations":[{"start":{"line":30,"column":4},"end":{"line":32,"column":5}},{"start":{},"end":{}}]},"2":{"loc":{"start":{"line":42,"column":4},"end":{"line":46,"column":5}},"type":"if","locations":[{"start":{"line":42,"column":4},"end":{"line":46,"column":5}},{"start":{},"end":{}}]},"3":{"loc":{"start":{"line":55,"column":4},"end":{"line":57,"column":5}},"type":"if","locations":[{"start":{"line":55,"column":4},"end":{"line":57,"column":5}},{"start":{},"end":{}}]}},"s":{"0":0,"1":0,"2":0,"3":0,"4":0,"5":0,"6":0,"7":0,"8":0,"9":0,"10":0,"11":0,"12":0,"13":0,"14":0,"15":0,"16":0,"17":0,"18":0},"f":{"0":0,"1":0,"2":0},"b":{"0":[0,0],"1":[0,0],"2":[0,0],"3":[0,0]}}
,"C:\\Code\\inexu-coordinadora\\iuKer\\src\\core\\aplicacion\\servicios\\cancelacionReprogramacionCita\\CancelacionReprogramacionCitasCasosUso.ts": {"path":"C:\\Code\\inexu-coordinadora\\iuKer\\src\\core\\aplicacion\\servicios\\cancelacionReprogramacionCita\\CancelacionReprogramacionCitasCasosUso.ts","statementMap":{"0":{"start":{"line":16,"column":12},"end":{"line":16,"column":61}},"1":{"start":{"line":17,"column":12},"end":{"line":17,"column":51}},"2":{"start":{"line":22,"column":26},"end":{"line":23,"column":null}},"3":{"start":{"line":26,"column":4},"end":{"line":28,"column":5}},"4":{"start":{"line":27,"column":6},"end":{"line":27,"column":63}},"5":{"start":{"line":31,"column":4},"end":{"line":33,"column":5}},"6":{"start":{"line":32,"column":6},"end":{"line":32,"column":63}},"7":{"start":{"line":35,"column":4},"end":{"line":37,"column":5}},"8":{"start":{"line":36,"column":6},"end":{"line":36,"column":64}},"9":{"start":{"line":39,"column":4},"end":{"line":39,"column":67}},"10":{"start":{"line":46,"column":26},"end":{"line":47,"column":null}},"11":{"start":{"line":50,"column":26},"end":{"line":52,"column":null}},"12":{"start":{"line":54,"column":4},"end":{"line":55,"column":78}},"13":{"start":{"line":55,"column":6},"end":{"line":55,"column":78}},"14":{"start":{"line":57,"column":4},"end":{"line":59,"column":5}},"15":{"start":{"line":58,"column":6},"end":{"line":58,"column":63}},"16":{"start":{"line":61,"column":4},"end":{"line":63,"column":5}},"17":{"start":{"line":62,"column":6},"end":{"line":62,"column":63}},"18":{"start":{"line":65,"column":4},"end":{"line":67,"column":5}},"19":{"start":{"line":66,"column":6},"end":{"line":66,"column":64}},"20":{"start":{"line":70,"column":6},"end":{"line":71,"column":null}},"21":{"start":{"line":73,"column":4},"end":{"line":75,"column":5}},"22":{"start":{"line":74,"column":6},"end":{"line":74,"column":65}},"23":{"start":{"line":77,"column":23},"end":{"line":80,"column":null}},"24":{"start":{"line":83,"column":4},"end":{"line":85,"column":5}},"25":{"start":{"line":84,"column":6},"end":{"line":84,"column":69}},"26":{"start":{"line":88,"column":6},"end":{"line":93,"column":null}},"27":{"start":{"line":96,"column":4},"end":{"line":100,"column":5}},"28":{"start":{"line":97,"column":6},"end":{"line":99,"column":8}},"29":{"start":{"line":104,"column":6},"end":{"line":108,"column":null}},"30":{"start":{"line":111,"column":4},"end":{"line":113,"column":5}},"31":{"start":{"line":112,"column":6},"end":{"line":112,"column":69}},"32":{"start":{"line":116,"column":35},"end":{"line":124,"column":6}},"33":{"start":{"line":127,"column":4},"end":{"line":130,"column":6}},"34":{"start":{"line":133,"column":17},"end":{"line":133,"column":76}},"35":{"start":{"line":135,"column":4},"end":{"line":137,"column":5}},"36":{"start":{"line":136,"column":6},"end":{"line":136,"column":57}},"37":{"start":{"line":138,"column":4},"end":{"line":140,"column":5}},"38":{"start":{"line":139,"column":6},"end":{"line":139,"column":66}},"39":{"start":{"line":141,"column":4},"end":{"line":143,"column":5}},"40":{"start":{"line":142,"column":6},"end":{"line":142,"column":63}},"41":{"start":{"line":144,"column":4},"end":{"line":146,"column":5}},"42":{"start":{"line":145,"column":6},"end":{"line":145,"column":64}},"43":{"start":{"line":147,"column":4},"end":{"line":147,"column":68}}},"fnMap":{"0":{"name":"(anonymous_0)","decl":{"start":{"line":15,"column":2},"end":{"line":15,"column":null}},"loc":{"start":{"line":17,"column":51},"end":{"line":18,"column":6}}},"1":{"name":"(anonymous_1)","decl":{"start":{"line":20,"column":2},"end":{"line":20,"column":7}},"loc":{"start":{"line":20,"column":35},"end":{"line":40,"column":3}}},"2":{"name":"(anonymous_2)","decl":{"start":{"line":42,"column":2},"end":{"line":42,"column":7}},"loc":{"start":{"line":44,"column":39},"end":{"line":131,"column":3}}},"3":{"name":"(anonymous_3)","decl":{"start":{"line":132,"column":2},"end":{"line":132,"column":7}},"loc":{"start":{"line":132,"column":36},"end":{"line":148,"column":3}}}},"branchMap":{"0":{"loc":{"start":{"line":26,"column":4},"end":{"line":28,"column":5}},"type":"if","locations":[{"start":{"line":26,"column":4},"end":{"line":28,"column":5}},{"start":{},"end":{}}]},"1":{"loc":{"start":{"line":31,"column":4},"end":{"line":33,"column":5}},"type":"if","locations":[{"start":{"line":31,"column":4},"end":{"line":33,"column":5}},{"start":{},"end":{}}]},"2":{"loc":{"start":{"line":35,"column":4},"end":{"line":37,"column":5}},"type":"if","locations":[{"start":{"line":35,"column":4},"end":{"line":37,"column":5}},{"start":{},"end":{}}]},"3":{"loc":{"start":{"line":54,"column":4},"end":{"line":55,"column":78}},"type":"if","locations":[{"start":{"line":54,"column":4},"end":{"line":55,"column":78}},{"start":{},"end":{}}]},"4":{"loc":{"start":{"line":57,"column":4},"end":{"line":59,"column":5}},"type":"if","locations":[{"start":{"line":57,"column":4},"end":{"line":59,"column":5}},{"start":{},"end":{}}]},"5":{"loc":{"start":{"line":61,"column":4},"end":{"line":63,"column":5}},"type":"if","locations":[{"start":{"line":61,"column":4},"end":{"line":63,"column":5}},{"start":{},"end":{}}]},"6":{"loc":{"start":{"line":65,"column":4},"end":{"line":67,"column":5}},"type":"if","locations":[{"start":{"line":65,"column":4},"end":{"line":67,"column":5}},{"start":{},"end":{}}]},"7":{"loc":{"start":{"line":73,"column":4},"end":{"line":75,"column":5}},"type":"if","locations":[{"start":{"line":73,"column":4},"end":{"line":75,"column":5}},{"start":{},"end":{}}]},"8":{"loc":{"start":{"line":83,"column":4},"end":{"line":85,"column":5}},"type":"if","locations":[{"start":{"line":83,"column":4},"end":{"line":85,"column":5}},{"start":{},"end":{}}]},"9":{"loc":{"start":{"line":96,"column":4},"end":{"line":100,"column":5}},"type":"if","locations":[{"start":{"line":96,"column":4},"end":{"line":100,"column":5}},{"start":{},"end":{}}]},"10":{"loc":{"start":{"line":111,"column":4},"end":{"line":113,"column":5}},"type":"if","locations":[{"start":{"line":111,"column":4},"end":{"line":113,"column":5}},{"start":{},"end":{}}]},"11":{"loc":{"start":{"line":135,"column":4},"end":{"line":137,"column":5}},"type":"if","locations":[{"start":{"line":135,"column":4},"end":{"line":137,"column":5}},{"start":{},"end":{}}]},"12":{"loc":{"start":{"line":138,"column":4},"end":{"line":140,"column":5}},"type":"if","locations":[{"start":{"line":138,"column":4},"end":{"line":140,"column":5}},{"start":{},"end":{}}]},"13":{"loc":{"start":{"line":141,"column":4},"end":{"line":143,"column":5}},"type":"if","locations":[{"start":{"line":141,"column":4},"end":{"line":143,"column":5}},{"start":{},"end":{}}]},"14":{"loc":{"start":{"line":144,"column":4},"end":{"line":146,"column":5}},"type":"if","locations":[{"start":{"line":144,"column":4},"end":{"line":146,"column":5}},{"start":{},"end":{}}]}},"s":{"0":0,"1":0,"2":0,"3":0,"4":0,"5":0,"6":0,"7":0,"8":0,"9":0,"10":0,"11":0,"12":0,"13":0,"14":0,"15":0,"16":0,"17":0,"18":0,"19":0,"20":0,"21":0,"22":0,"23":0,"24":0,"25":0,"26":0,"27":0,"28":0,"29":0,"30":0,"31":0,"32":0,"33":0,"34":0,"35":0,"36":0,"37":0,"38":0,"39":0,"40":0,"41":0,"42":0,"43":0},"f":{"0":0,"1":0,"2":0,"3":0},"b":{"0":[0,0],"1":[0,0],"2":[0,0],"3":[0,0],"4":[0,0],"5":[0,0],"6":[0,0],"7":[0,0],"8":[0,0],"9":[0,0],"10":[0,0],"11":[0,0],"12":[0,0],"13":[0,0],"14":[0,0]}}
,"C:\\Code\\inexu-coordinadora\\iuKer\\src\\core\\aplicacion\\servicios\\consultaCitasPaciente\\ConsultaCitasPacienteCasosUso.ts": {"path":"C:\\Code\\inexu-coordinadora\\iuKer\\src\\core\\aplicacion\\servicios\\consultaCitasPaciente\\ConsultaCitasPacienteCasosUso.ts","statementMap":{"0":{"start":{"line":12,"column":12},"end":{"line":12,"column":55}},"1":{"start":{"line":13,"column":12},"end":{"line":13,"column":61}},"2":{"start":{"line":20,"column":21},"end":{"line":21,"column":null}},"3":{"start":{"line":24,"column":4},"end":{"line":26,"column":5}},"4":{"start":{"line":25,"column":6},"end":{"line":25,"column":67}},"5":{"start":{"line":29,"column":6},"end":{"line":31,"column":null}},"6":{"start":{"line":34,"column":4},"end":{"line":36,"column":5}},"7":{"start":{"line":35,"column":6},"end":{"line":35,"column":47}},"8":{"start":{"line":37,"column":4},"end":{"line":37,"column":28}}},"fnMap":{"0":{"name":"(anonymous_0)","decl":{"start":{"line":11,"column":2},"end":{"line":11,"column":null}},"loc":{"start":{"line":13,"column":61},"end":{"line":14,"column":6}}},"1":{"name":"(anonymous_1)","decl":{"start":{"line":16,"column":2},"end":{"line":16,"column":7}},"loc":{"start":{"line":18,"column":19},"end":{"line":38,"column":3}}}},"branchMap":{"0":{"loc":{"start":{"line":24,"column":4},"end":{"line":26,"column":5}},"type":"if","locations":[{"start":{"line":24,"column":4},"end":{"line":26,"column":5}},{"start":{},"end":{}}]},"1":{"loc":{"start":{"line":34,"column":4},"end":{"line":36,"column":5}},"type":"if","locations":[{"start":{"line":34,"column":4},"end":{"line":36,"column":5}},{"start":{},"end":{}}]}},"s":{"0":0,"1":0,"2":0,"3":0,"4":0,"5":0,"6":0,"7":0,"8":0},"f":{"0":0,"1":0},"b":{"0":[0,0],"1":[0,0]}}
,"C:\\Code\\inexu-coordinadora\\iuKer\\src\\core\\dominio\\asignacionMedico\\AsignacionMedico.ts": {"path":"C:\\Code\\inexu-coordinadora\\iuKer\\src\\core\\dominio\\asignacionMedico\\AsignacionMedico.ts","statementMap":{"0":{"start":{"line":11,"column":4},"end":{"line":11,"column":66}},"1":{"start":{"line":12,"column":4},"end":{"line":12,"column":44}},"2":{"start":{"line":13,"column":4},"end":{"line":13,"column":36}},"3":{"start":{"line":14,"column":4},"end":{"line":14,"column":44}},"4":{"start":{"line":15,"column":4},"end":{"line":15,"column":38}}},"fnMap":{"0":{"name":"(anonymous_0)","decl":{"start":{"line":10,"column":2},"end":{"line":10,"column":14}},"loc":{"start":{"line":10,"column":37},"end":{"line":16,"column":3}}}},"branchMap":{},"s":{"0":0,"1":0,"2":0,"3":0,"4":0},"f":{"0":0},"b":{}}
,"C:\\Code\\inexu-coordinadora\\iuKer\\src\\core\\dominio\\citaMedica\\CitaMedica.ts": {"path":"C:\\Code\\inexu-coordinadora\\iuKer\\src\\core\\dominio\\citaMedica\\CitaMedica.ts","statementMap":{"0":{"start":{"line":12,"column":4},"end":{"line":12,"column":41}},"1":{"start":{"line":13,"column":4},"end":{"line":13,"column":59}},"2":{"start":{"line":14,"column":4},"end":{"line":14,"column":63}},"3":{"start":{"line":15,"column":4},"end":{"line":15,"column":39}},"4":{"start":{"line":16,"column":4},"end":{"line":16,"column":49}},"5":{"start":{"line":17,"column":4},"end":{"line":17,"column":38}}},"fnMap":{"0":{"name":"(anonymous_0)","decl":{"start":{"line":11,"column":2},"end":{"line":11,"column":14}},"loc":{"start":{"line":11,"column":58},"end":{"line":18,"column":3}}}},"branchMap":{},"s":{"0":0,"1":0,"2":0,"3":0,"4":0,"5":0},"f":{"0":0},"b":{}}
,"C:\\Code\\inexu-coordinadora\\iuKer\\src\\core\\dominio\\consultorio\\Consultorio.ts": {"path":"C:\\Code\\inexu-coordinadora\\iuKer\\src\\core\\dominio\\consultorio\\Consultorio.ts","statementMap":{"0":{"start":{"line":7,"column":4},"end":{"line":7,"column":56}},"1":{"start":{"line":8,"column":4},"end":{"line":8,"column":48}}},"fnMap":{"0":{"name":"(anonymous_0)","decl":{"start":{"line":6,"column":2},"end":{"line":6,"column":14}},"loc":{"start":{"line":6,"column":44},"end":{"line":9,"column":3}}}},"branchMap":{},"s":{"0":0,"1":0},"f":{"0":0},"b":{}}
,"C:\\Code\\inexu-coordinadora\\iuKer\\src\\core\\dominio\\errores\\ErrorDeAplicacion.ts": {"path":"C:\\Code\\inexu-coordinadora\\iuKer\\src\\core\\dominio\\errores\\ErrorDeAplicacion.ts","statementMap":{"0":{"start":{"line":13,"column":4},"end":{"line":13,"column":19}},"1":{"start":{"line":14,"column":4},"end":{"line":14,"column":36}},"2":{"start":{"line":15,"column":4},"end":{"line":15,"column":25}},"3":{"start":{"line":16,"column":4},"end":{"line":16,"column":39}},"4":{"start":{"line":18,"column":4},"end":{"line":18,"column":61}},"5":{"start":{"line":4,"column":0},"end":{"line":4,"column":13}}},"fnMap":{"0":{"name":"(anonymous_0)","decl":{"start":{"line":8,"column":2},"end":{"line":8,"column":null}},"loc":{"start":{"line":11,"column":33},"end":{"line":19,"column":3}}}},"branchMap":{},"s":{"0":6,"1":6,"2":6,"3":6,"4":6,"5":2},"f":{"0":6},"b":{}}
,"C:\\Code\\inexu-coordinadora\\iuKer\\src\\core\\dominio\\errores\\codigosDeError.enum.ts": {"path":"C:\\Code\\inexu-coordinadora\\iuKer\\src\\core\\dominio\\errores\\codigosDeError.enum.ts","statementMap":{"0":{"start":{"line":1,"column":0},"end":{"line":1,"column":null}},"1":{"start":{"line":3,"column":2},"end":{"line":3,"column":null}},"2":{"start":{"line":4,"column":2},"end":{"line":4,"column":null}},"3":{"start":{"line":5,"column":2},"end":{"line":5,"column":null}},"4":{"start":{"line":6,"column":2},"end":{"line":6,"column":null}},"5":{"start":{"line":7,"column":2},"end":{"line":7,"column":null}},"6":{"start":{"line":10,"column":2},"end":{"line":10,"column":null}},"7":{"start":{"line":11,"column":2},"end":{"line":11,"column":null}},"8":{"start":{"line":12,"column":2},"end":{"line":12,"column":null}},"9":{"start":{"line":15,"column":2},"end":{"line":15,"column":null}},"10":{"start":{"line":16,"column":2},"end":{"line":16,"column":null}},"11":{"start":{"line":17,"column":2},"end":{"line":17,"column":null}},"12":{"start":{"line":18,"column":2},"end":{"line":18,"column":null}},"13":{"start":{"line":21,"column":2},"end":{"line":21,"column":null}},"14":{"start":{"line":22,"column":2},"end":{"line":22,"column":null}},"15":{"start":{"line":23,"column":2},"end":{"line":23,"column":null}},"16":{"start":{"line":26,"column":2},"end":{"line":26,"column":null}}},"fnMap":{"0":{"name":"(anonymous_0)","decl":{"start":{"line":1,"column":0},"end":{"line":1,"column":12}},"loc":{"start":{"line":1,"column":26},"end":{"line":27,"column":1}}}},"branchMap":{"0":{"loc":{"start":{"line":1,"column":12},"end":{"line":1,"column":null}},"type":"binary-expr","locations":[{"start":{"line":1,"column":12},"end":{"line":1,"column":26}},{"start":{"line":1,"column":26},"end":{"line":1,"column":null}}]}},"s":{"0":2,"1":2,"2":2,"3":2,"4":2,"5":2,"6":2,"7":2,"8":2,"9":2,"10":2,"11":2,"12":2,"13":2,"14":2,"15":2,"16":2},"f":{"0":2},"b":{"0":[2,2]}}
,"C:\\Code\\inexu-coordinadora\\iuKer\\src\\core\\dominio\\errores\\manejoDeErrores.ts": {"path":"C:\\Code\\inexu-coordinadora\\iuKer\\src\\core\\dominio\\errores\\manejoDeErrores.ts","statementMap":{"0":{"start":{"line":77,"column":0},"end":{"line":77,"column":16}},"1":{"start":{"line":1,"column":0},"end":{"line":1,"column":84}},"2":{"start":{"line":2,"column":0},"end":{"line":2,"column":58}},"3":{"start":{"line":3,"column":0},"end":{"line":3,"column":59}},"4":{"start":{"line":5,"column":21},"end":{"line":75,"column":2}},"5":{"start":{"line":78,"column":21},"end":{"line":78,"column":41}},"6":{"start":{"line":80,"column":2},"end":{"line":86,"column":3}},"7":{"start":{"line":81,"column":4},"end":{"line":85,"column":6}},"8":{"start":{"line":88,"column":2},"end":{"line":88,"column":78}}},"fnMap":{"0":{"name":"crearErrorDeDominio","decl":{"start":{"line":77,"column":16},"end":{"line":77,"column":35}},"loc":{"start":{"line":77,"column":58},"end":{"line":89,"column":1}}}},"branchMap":{"0":{"loc":{"start":{"line":80,"column":2},"end":{"line":86,"column":3}},"type":"if","locations":[{"start":{"line":80,"column":2},"end":{"line":86,"column":3}},{"start":{},"end":{}}]}},"s":{"0":2,"1":2,"2":2,"3":2,"4":2,"5":6,"6":6,"7":0,"8":6},"f":{"0":6},"b":{"0":[0,6]}}
,"C:\\Code\\inexu-coordinadora\\iuKer\\src\\core\\dominio\\medico\\Medico.ts": {"path":"C:\\Code\\inexu-coordinadora\\iuKer\\src\\core\\dominio\\medico\\Medico.ts","statementMap":{"0":{"start":{"line":16,"column":8},"end":{"line":16,"column":null}},"1":{"start":{"line":17,"column":8},"end":{"line":17,"column":null}},"2":{"start":{"line":18,"column":8},"end":{"line":18,"column":null}},"3":{"start":{"line":19,"column":8},"end":{"line":19,"column":null}},"4":{"start":{"line":20,"column":8},"end":{"line":20,"column":null}},"5":{"start":{"line":21,"column":8},"end":{"line":21,"column":null}},"6":{"start":{"line":22,"column":8},"end":{"line":22,"column":null}},"7":{"start":{"line":23,"column":8},"end":{"line":23,"column":null}},"8":{"start":{"line":24,"column":8},"end":{"line":24,"column":null}},"9":{"start":{"line":25,"column":8},"end":{"line":25,"column":null}}},"fnMap":{"0":{"name":"(anonymous_0)","decl":{"start":{"line":15,"column":4},"end":{"line":15,"column":16}},"loc":{"start":{"line":15,"column":37},"end":{"line":26,"column":5}}}},"branchMap":{},"s":{"0":0,"1":0,"2":0,"3":0,"4":0,"5":0,"6":0,"7":0,"8":0,"9":0},"f":{"0":0},"b":{}}
,"C:\\Code\\inexu-coordinadora\\iuKer\\src\\core\\dominio\\paciente\\Paciente.ts": {"path":"C:\\Code\\inexu-coordinadora\\iuKer\\src\\core\\dominio\\paciente\\Paciente.ts","statementMap":{"0":{"start":{"line":15,"column":4},"end":{"line":15,"column":36}},"1":{"start":{"line":16,"column":4},"end":{"line":16,"column":32}},"2":{"start":{"line":17,"column":4},"end":{"line":17,"column":30}},"3":{"start":{"line":18,"column":4},"end":{"line":18,"column":34}},"4":{"start":{"line":19,"column":4},"end":{"line":19,"column":48}},"5":{"start":{"line":20,"column":4},"end":{"line":20,"column":26}},"6":{"start":{"line":21,"column":4},"end":{"line":21,"column":28}},"7":{"start":{"line":22,"column":4},"end":{"line":22,"column":34}},"8":{"start":{"line":23,"column":4},"end":{"line":23,"column":36}}},"fnMap":{"0":{"name":"(anonymous_0)","decl":{"start":{"line":14,"column":2},"end":{"line":14,"column":14}},"loc":{"start":{"line":14,"column":29},"end":{"line":24,"column":3}}}},"branchMap":{},"s":{"0":0,"1":0,"2":0,"3":0,"4":0,"5":0,"6":0,"7":0,"8":0},"f":{"0":0},"b":{}}
,"C:\\Code\\inexu-coordinadora\\iuKer\\src\\core\\infraestructura\\app.ts": {"path":"C:\\Code\\inexu-coordinadora\\iuKer\\src\\core\\infraestructura\\app.ts","statementMap":{"0":{"start":{"line":11,"column":12},"end":{"line":11,"column":37}},"1":{"start":{"line":14,"column":0},"end":{"line":14,"column":46}},"2":{"start":{"line":16,"column":0},"end":{"line":26,"column":2}},"3":{"start":{"line":18,"column":4},"end":{"line":18,"column":47}},"4":{"start":{"line":19,"column":4},"end":{"line":19,"column":41}},"5":{"start":{"line":20,"column":4},"end":{"line":20,"column":43}},"6":{"start":{"line":21,"column":4},"end":{"line":21,"column":45}},"7":{"start":{"line":23,"column":4},"end":{"line":23,"column":48}},"8":{"start":{"line":28,"column":27},"end":{"line":42,"column":1}},"9":{"start":{"line":29,"column":2},"end":{"line":41,"column":3}},"10":{"start":{"line":30,"column":4},"end":{"line":30,"column":57}},"11":{"start":{"line":31,"column":4},"end":{"line":31,"column":52}},"12":{"start":{"line":33,"column":4},"end":{"line":33,"column":60}},"13":{"start":{"line":34,"column":38},"end":{"line":39,"column":6}},"14":{"start":{"line":40,"column":4},"end":{"line":40,"column":22}}},"fnMap":{"0":{"name":"(anonymous_0)","decl":{"start":{"line":17,"column":2},"end":{"line":17,"column":7}},"loc":{"start":{"line":17,"column":24},"end":{"line":24,"column":3}}},"1":{"name":"(anonymous_1)","decl":{"start":{"line":28,"column":27},"end":{"line":28,"column":32}},"loc":{"start":{"line":28,"column":53},"end":{"line":42,"column":1}}}},"branchMap":{},"s":{"0":0,"1":0,"2":0,"3":0,"4":0,"5":0,"6":0,"7":0,"8":0,"9":0,"10":0,"11":0,"12":0,"13":0,"14":0},"f":{"0":0,"1":0},"b":{}}
,"C:\\Code\\inexu-coordinadora\\iuKer\\src\\core\\infraestructura\\controladores\\AsignacionesControlador.ts": {"path":"C:\\Code\\inexu-coordinadora\\iuKer\\src\\core\\infraestructura\\controladores\\AsignacionesControlador.ts","statementMap":{"0":{"start":{"line":10,"column":22},"end":{"line":10,"column":61}},"1":{"start":{"line":12,"column":20},"end":{"line":29,"column":3}},"2":{"start":{"line":16,"column":4},"end":{"line":28,"column":5}},"3":{"start":{"line":17,"column":38},"end":{"line":17,"column":75}},"4":{"start":{"line":18,"column":32},"end":{"line":19,"column":null}},"5":{"start":{"line":22,"column":6},"end":{"line":25,"column":9}},"6":{"start":{"line":27,"column":6},"end":{"line":27,"column":16}},"7":{"start":{"line":31,"column":23},"end":{"line":47,"column":3}},"8":{"start":{"line":35,"column":4},"end":{"line":46,"column":5}},"9":{"start":{"line":36,"column":43},"end":{"line":36,"column":57}},"10":{"start":{"line":37,"column":6},"end":{"line":39,"column":8}},"11":{"start":{"line":41,"column":6},"end":{"line":43,"column":9}},"12":{"start":{"line":45,"column":6},"end":{"line":45,"column":16}}},"fnMap":{"0":{"name":"(anonymous_0)","decl":{"start":{"line":10,"column":2},"end":{"line":10,"column":22}},"loc":{"start":{"line":10,"column":61},"end":{"line":10,"column":65}}},"1":{"name":"(anonymous_1)","decl":{"start":{"line":12,"column":20},"end":{"line":12,"column":25}},"loc":{"start":{"line":15,"column":6},"end":{"line":29,"column":3}}},"2":{"name":"(anonymous_2)","decl":{"start":{"line":31,"column":23},"end":{"line":31,"column":28}},"loc":{"start":{"line":34,"column":6},"end":{"line":47,"column":3}}}},"branchMap":{},"s":{"0":0,"1":0,"2":0,"3":0,"4":0,"5":0,"6":0,"7":0,"8":0,"9":0,"10":0,"11":0,"12":0},"f":{"0":0,"1":0,"2":0},"b":{}}
,"C:\\Code\\inexu-coordinadora\\iuKer\\src\\core\\infraestructura\\controladores\\CitasMedicasControlador.ts": {"path":"C:\\Code\\inexu-coordinadora\\iuKer\\src\\core\\infraestructura\\controladores\\CitasMedicasControlador.ts","statementMap":{"0":{"start":{"line":14,"column":12},"end":{"line":14,"column":55}},"1":{"start":{"line":15,"column":12},"end":{"line":15,"column":86}},"2":{"start":{"line":16,"column":12},"end":{"line":16,"column":65}},"3":{"start":{"line":19,"column":17},"end":{"line":35,"column":3}},"4":{"start":{"line":23,"column":4},"end":{"line":34,"column":5}},"5":{"start":{"line":24,"column":25},"end":{"line":24,"column":34}},"6":{"start":{"line":25,"column":31},"end":{"line":26,"column":null}},"7":{"start":{"line":28,"column":6},"end":{"line":31,"column":9}},"8":{"start":{"line":33,"column":6},"end":{"line":33,"column":16}},"9":{"start":{"line":37,"column":21},"end":{"line":54,"column":3}},"10":{"start":{"line":41,"column":4},"end":{"line":53,"column":5}},"11":{"start":{"line":42,"column":25},"end":{"line":42,"column":35}},"12":{"start":{"line":43,"column":29},"end":{"line":44,"column":null}},"13":{"start":{"line":47,"column":6},"end":{"line":50,"column":9}},"14":{"start":{"line":52,"column":6},"end":{"line":52,"column":16}},"15":{"start":{"line":56,"column":16},"end":{"line":73,"column":3}},"16":{"start":{"line":60,"column":4},"end":{"line":72,"column":5}},"17":{"start":{"line":61,"column":24},"end":{"line":61,"column":62}},"18":{"start":{"line":62,"column":27},"end":{"line":63,"column":null}},"19":{"start":{"line":66,"column":6},"end":{"line":69,"column":9}},"20":{"start":{"line":71,"column":6},"end":{"line":71,"column":16}},"21":{"start":{"line":75,"column":18},"end":{"line":91,"column":3}},"22":{"start":{"line":79,"column":4},"end":{"line":90,"column":5}},"23":{"start":{"line":80,"column":25},"end":{"line":80,"column":35}},"24":{"start":{"line":82,"column":8},"end":{"line":82,"column":74}},"25":{"start":{"line":84,"column":6},"end":{"line":87,"column":9}},"26":{"start":{"line":89,"column":6},"end":{"line":89,"column":16}},"27":{"start":{"line":93,"column":17},"end":{"line":108,"column":3}},"28":{"start":{"line":97,"column":4},"end":{"line":107,"column":5}},"29":{"start":{"line":98,"column":25},"end":{"line":98,"column":35}},"30":{"start":{"line":99,"column":6},"end":{"line":99,"column":59}},"31":{"start":{"line":101,"column":6},"end":{"line":104,"column":9}},"32":{"start":{"line":106,"column":6},"end":{"line":106,"column":16}},"33":{"start":{"line":110,"column":20},"end":{"line":134,"column":3}},"34":{"start":{"line":117,"column":4},"end":{"line":133,"column":5}},"35":{"start":{"line":118,"column":25},"end":{"line":118,"column":35}},"36":{"start":{"line":119,"column":26},"end":{"line":119,"column":64}},"37":{"start":{"line":122,"column":8},"end":{"line":124,"column":null}},"38":{"start":{"line":127,"column":6},"end":{"line":130,"column":9}},"39":{"start":{"line":132,"column":6},"end":{"line":132,"column":16}},"40":{"start":{"line":136,"column":17},"end":{"line":152,"column":3}},"41":{"start":{"line":140,"column":4},"end":{"line":151,"column":5}},"42":{"start":{"line":141,"column":25},"end":{"line":141,"column":35}},"43":{"start":{"line":143,"column":8},"end":{"line":143,"column":73}},"44":{"start":{"line":145,"column":6},"end":{"line":148,"column":9}},"45":{"start":{"line":150,"column":6},"end":{"line":150,"column":16}}},"fnMap":{"0":{"name":"(anonymous_0)","decl":{"start":{"line":13,"column":2},"end":{"line":13,"column":null}},"loc":{"start":{"line":16,"column":65},"end":{"line":17,"column":6}}},"1":{"name":"(anonymous_1)","decl":{"start":{"line":19,"column":17},"end":{"line":19,"column":22}},"loc":{"start":{"line":22,"column":6},"end":{"line":35,"column":3}}},"2":{"name":"(anonymous_2)","decl":{"start":{"line":37,"column":21},"end":{"line":37,"column":26}},"loc":{"start":{"line":40,"column":6},"end":{"line":54,"column":3}}},"3":{"name":"(anonymous_3)","decl":{"start":{"line":56,"column":16},"end":{"line":56,"column":21}},"loc":{"start":{"line":59,"column":6},"end":{"line":73,"column":3}}},"4":{"name":"(anonymous_4)","decl":{"start":{"line":75,"column":18},"end":{"line":75,"column":23}},"loc":{"start":{"line":78,"column":6},"end":{"line":91,"column":3}}},"5":{"name":"(anonymous_5)","decl":{"start":{"line":93,"column":17},"end":{"line":93,"column":22}},"loc":{"start":{"line":96,"column":6},"end":{"line":108,"column":3}}},"6":{"name":"(anonymous_6)","decl":{"start":{"line":110,"column":20},"end":{"line":110,"column":25}},"loc":{"start":{"line":116,"column":6},"end":{"line":134,"column":3}}},"7":{"name":"(anonymous_7)","decl":{"start":{"line":136,"column":17},"end":{"line":136,"column":22}},"loc":{"start":{"line":139,"column":6},"end":{"line":152,"column":3}}}},"branchMap":{},"s":{"0":0,"1":0,"2":0,"3":0,"4":0,"5":0,"6":0,"7":0,"8":0,"9":0,"10":0,"11":0,"12":0,"13":0,"14":0,"15":0,"16":0,"17":0,"18":0,"19":0,"20":0,"21":0,"22":0,"23":0,"24":0,"25":0,"26":0,"27":0,"28":0,"29":0,"30":0,"31":0,"32":0,"33":0,"34":0,"35":0,"36":0,"37":0,"38":0,"39":0,"40":0,"41":0,"42":0,"43":0,"44":0,"45":0},"f":{"0":0,"1":0,"2":0,"3":0,"4":0,"5":0,"6":0,"7":0},"b":{}}
,"C:\\Code\\inexu-coordinadora\\iuKer\\src\\core\\infraestructura\\controladores\\ConsultoriosControlador.ts": {"path":"C:\\Code\\inexu-coordinadora\\iuKer\\src\\core\\infraestructura\\controladores\\ConsultoriosControlador.ts","statementMap":{"0":{"start":{"line":9,"column":22},"end":{"line":9,"column":63}},"1":{"start":{"line":10,"column":23},"end":{"line":27,"column":3}},"2":{"start":{"line":14,"column":4},"end":{"line":26,"column":5}},"3":{"start":{"line":15,"column":25},"end":{"line":15,"column":38}},"4":{"start":{"line":17,"column":8},"end":{"line":17,"column":65}},"5":{"start":{"line":19,"column":6},"end":{"line":23,"column":9}},"6":{"start":{"line":25,"column":6},"end":{"line":25,"column":18}},"7":{"start":{"line":29,"column":28},"end":{"line":45,"column":3}},"8":{"start":{"line":33,"column":4},"end":{"line":44,"column":5}},"9":{"start":{"line":34,"column":32},"end":{"line":34,"column":46}},"10":{"start":{"line":36,"column":8},"end":{"line":36,"column":77}},"11":{"start":{"line":38,"column":6},"end":{"line":41,"column":9}},"12":{"start":{"line":43,"column":6},"end":{"line":43,"column":18}},"13":{"start":{"line":46,"column":23},"end":{"line":67,"column":3}},"14":{"start":{"line":50,"column":4},"end":{"line":66,"column":5}},"15":{"start":{"line":51,"column":43},"end":{"line":51,"column":86}},"16":{"start":{"line":53,"column":45},"end":{"line":56,"column":null}},"17":{"start":{"line":58,"column":6},"end":{"line":58,"column":74}},"18":{"start":{"line":60,"column":6},"end":{"line":63,"column":9}},"19":{"start":{"line":65,"column":6},"end":{"line":65,"column":18}},"20":{"start":{"line":69,"column":26},"end":{"line":87,"column":3}},"21":{"start":{"line":73,"column":4},"end":{"line":86,"column":5}},"22":{"start":{"line":74,"column":32},"end":{"line":74,"column":46}},"23":{"start":{"line":75,"column":36},"end":{"line":75,"column":48}},"24":{"start":{"line":77,"column":37},"end":{"line":78,"column":67}},"25":{"start":{"line":80,"column":6},"end":{"line":83,"column":null}},"26":{"start":{"line":85,"column":6},"end":{"line":85,"column":18}},"27":{"start":{"line":89,"column":24},"end":{"line":114,"column":3}},"28":{"start":{"line":93,"column":4},"end":{"line":113,"column":5}},"29":{"start":{"line":94,"column":32},"end":{"line":94,"column":46}},"30":{"start":{"line":96,"column":6},"end":{"line":101,"column":7}},"31":{"start":{"line":97,"column":8},"end":{"line":100,"column":11}},"32":{"start":{"line":103,"column":26},"end":{"line":103,"column":95}},"33":{"start":{"line":105,"column":6},"end":{"line":105,"column":72}},"34":{"start":{"line":107,"column":6},"end":{"line":110,"column":9}},"35":{"start":{"line":112,"column":6},"end":{"line":112,"column":18}}},"fnMap":{"0":{"name":"(anonymous_0)","decl":{"start":{"line":9,"column":2},"end":{"line":9,"column":22}},"loc":{"start":{"line":9,"column":63},"end":{"line":9,"column":67}}},"1":{"name":"(anonymous_1)","decl":{"start":{"line":10,"column":23},"end":{"line":10,"column":28}},"loc":{"start":{"line":13,"column":6},"end":{"line":27,"column":3}}},"2":{"name":"(anonymous_2)","decl":{"start":{"line":29,"column":28},"end":{"line":29,"column":33}},"loc":{"start":{"line":32,"column":6},"end":{"line":45,"column":3}}},"3":{"name":"(anonymous_3)","decl":{"start":{"line":46,"column":23},"end":{"line":46,"column":28}},"loc":{"start":{"line":49,"column":6},"end":{"line":67,"column":3}}},"4":{"name":"(anonymous_4)","decl":{"start":{"line":69,"column":26},"end":{"line":69,"column":31}},"loc":{"start":{"line":72,"column":6},"end":{"line":87,"column":3}}},"5":{"name":"(anonymous_5)","decl":{"start":{"line":89,"column":24},"end":{"line":89,"column":29}},"loc":{"start":{"line":92,"column":6},"end":{"line":114,"column":3}}}},"branchMap":{"0":{"loc":{"start":{"line":96,"column":6},"end":{"line":101,"column":7}},"type":"if","locations":[{"start":{"line":96,"column":6},"end":{"line":101,"column":7}},{"start":{},"end":{}}]},"1":{"loc":{"start":{"line":96,"column":10},"end":{"line":96,"column":61}},"type":"binary-expr","locations":[{"start":{"line":96,"column":10},"end":{"line":96,"column":24}},{"start":{"line":96,"column":28},"end":{"line":96,"column":61}}]}},"s":{"0":0,"1":0,"2":0,"3":0,"4":0,"5":0,"6":0,"7":0,"8":0,"9":0,"10":0,"11":0,"12":0,"13":0,"14":0,"15":0,"16":0,"17":0,"18":0,"19":0,"20":0,"21":0,"22":0,"23":0,"24":0,"25":0,"26":0,"27":0,"28":0,"29":0,"30":0,"31":0,"32":0,"33":0,"34":0,"35":0},"f":{"0":0,"1":0,"2":0,"3":0,"4":0,"5":0},"b":{"0":[0,0],"1":[0,0]}}
,"C:\\Code\\inexu-coordinadora\\iuKer\\src\\core\\infraestructura\\controladores\\MedicosControlador.ts": {"path":"C:\\Code\\inexu-coordinadora\\iuKer\\src\\core\\infraestructura\\controladores\\MedicosControlador.ts","statementMap":{"0":{"start":{"line":12,"column":22},"end":{"line":12,"column":55}},"1":{"start":{"line":14,"column":16},"end":{"line":31,"column":3}},"2":{"start":{"line":18,"column":4},"end":{"line":30,"column":5}},"3":{"start":{"line":19,"column":26},"end":{"line":19,"column":64}},"4":{"start":{"line":20,"column":38},"end":{"line":21,"column":null}},"5":{"start":{"line":24,"column":6},"end":{"line":27,"column":9}},"6":{"start":{"line":29,"column":6},"end":{"line":29,"column":15}},"7":{"start":{"line":33,"column":18},"end":{"line":51,"column":3}},"8":{"start":{"line":37,"column":4},"end":{"line":50,"column":5}},"9":{"start":{"line":38,"column":25},"end":{"line":38,"column":38}},"10":{"start":{"line":39,"column":33},"end":{"line":40,"column":null}},"11":{"start":{"line":43,"column":6},"end":{"line":47,"column":9}},"12":{"start":{"line":49,"column":6},"end":{"line":49,"column":15}},"13":{"start":{"line":53,"column":39},"end":{"line":71,"column":3}},"14":{"start":{"line":57,"column":4},"end":{"line":70,"column":5}},"15":{"start":{"line":58,"column":37},"end":{"line":58,"column":51}},"16":{"start":{"line":60,"column":8},"end":{"line":61,"column":null}},"17":{"start":{"line":64,"column":6},"end":{"line":67,"column":9}},"18":{"start":{"line":69,"column":6},"end":{"line":69,"column":15}},"19":{"start":{"line":73,"column":21},"end":{"line":95,"column":3}},"20":{"start":{"line":80,"column":4},"end":{"line":94,"column":5}},"21":{"start":{"line":81,"column":37},"end":{"line":81,"column":51}},"22":{"start":{"line":82,"column":26},"end":{"line":82,"column":38}},"23":{"start":{"line":83,"column":32},"end":{"line":85,"column":null}},"24":{"start":{"line":88,"column":6},"end":{"line":91,"column":9}},"25":{"start":{"line":93,"column":6},"end":{"line":93,"column":15}},"26":{"start":{"line":97,"column":19},"end":{"line":112,"column":3}},"27":{"start":{"line":101,"column":4},"end":{"line":111,"column":5}},"28":{"start":{"line":102,"column":37},"end":{"line":102,"column":51}},"29":{"start":{"line":103,"column":6},"end":{"line":103,"column":68}},"30":{"start":{"line":105,"column":6},"end":{"line":108,"column":9}},"31":{"start":{"line":110,"column":6},"end":{"line":110,"column":15}}},"fnMap":{"0":{"name":"(anonymous_0)","decl":{"start":{"line":12,"column":2},"end":{"line":12,"column":22}},"loc":{"start":{"line":12,"column":55},"end":{"line":12,"column":59}}},"1":{"name":"(anonymous_1)","decl":{"start":{"line":14,"column":16},"end":{"line":14,"column":21}},"loc":{"start":{"line":17,"column":6},"end":{"line":31,"column":3}}},"2":{"name":"(anonymous_2)","decl":{"start":{"line":33,"column":18},"end":{"line":33,"column":23}},"loc":{"start":{"line":36,"column":6},"end":{"line":51,"column":3}}},"3":{"name":"(anonymous_3)","decl":{"start":{"line":53,"column":39},"end":{"line":53,"column":44}},"loc":{"start":{"line":56,"column":6},"end":{"line":71,"column":3}}},"4":{"name":"(anonymous_4)","decl":{"start":{"line":73,"column":21},"end":{"line":73,"column":26}},"loc":{"start":{"line":79,"column":6},"end":{"line":95,"column":3}}},"5":{"name":"(anonymous_5)","decl":{"start":{"line":97,"column":19},"end":{"line":97,"column":24}},"loc":{"start":{"line":100,"column":6},"end":{"line":112,"column":3}}}},"branchMap":{},"s":{"0":0,"1":0,"2":0,"3":0,"4":0,"5":0,"6":0,"7":0,"8":0,"9":0,"10":0,"11":0,"12":0,"13":0,"14":0,"15":0,"16":0,"17":0,"18":0,"19":0,"20":0,"21":0,"22":0,"23":0,"24":0,"25":0,"26":0,"27":0,"28":0,"29":0,"30":0,"31":0},"f":{"0":0,"1":0,"2":0,"3":0,"4":0,"5":0},"b":{}}
,"C:\\Code\\inexu-coordinadora\\iuKer\\src\\core\\infraestructura\\controladores\\PacientesControlador.ts": {"path":"C:\\Code\\inexu-coordinadora\\iuKer\\src\\core\\infraestructura\\controladores\\PacientesControlador.ts","statementMap":{"0":{"start":{"line":11,"column":12},"end":{"line":11,"column":49}},"1":{"start":{"line":12,"column":12},"end":{"line":12,"column":73}},"2":{"start":{"line":15,"column":21},"end":{"line":28,"column":3}},"3":{"start":{"line":16,"column":4},"end":{"line":27,"column":5}},"4":{"start":{"line":17,"column":25},"end":{"line":17,"column":38}},"5":{"start":{"line":18,"column":33},"end":{"line":18,"column":86}},"6":{"start":{"line":20,"column":6},"end":{"line":24,"column":9}},"7":{"start":{"line":26,"column":6},"end":{"line":26,"column":16}},"8":{"start":{"line":30,"column":25},"end":{"line":42,"column":3}},"9":{"start":{"line":31,"column":4},"end":{"line":41,"column":5}},"10":{"start":{"line":32,"column":28},"end":{"line":32,"column":42}},"11":{"start":{"line":33,"column":31},"end":{"line":33,"column":91}},"12":{"start":{"line":35,"column":6},"end":{"line":38,"column":9}},"13":{"start":{"line":40,"column":6},"end":{"line":40,"column":16}},"14":{"start":{"line":44,"column":18},"end":{"line":56,"column":3}},"15":{"start":{"line":45,"column":4},"end":{"line":55,"column":5}},"16":{"start":{"line":46,"column":28},"end":{"line":46,"column":63}},"17":{"start":{"line":47,"column":29},"end":{"line":47,"column":86}},"18":{"start":{"line":49,"column":6},"end":{"line":52,"column":9}},"19":{"start":{"line":54,"column":6},"end":{"line":54,"column":16}},"20":{"start":{"line":58,"column":23},"end":{"line":78,"column":3}},"21":{"start":{"line":65,"column":4},"end":{"line":77,"column":5}},"22":{"start":{"line":66,"column":28},"end":{"line":66,"column":42}},"23":{"start":{"line":67,"column":28},"end":{"line":67,"column":40}},"24":{"start":{"line":69,"column":34},"end":{"line":69,"column":107}},"25":{"start":{"line":71,"column":6},"end":{"line":74,"column":9}},"26":{"start":{"line":76,"column":6},"end":{"line":76,"column":16}},"27":{"start":{"line":80,"column":19},"end":{"line":92,"column":3}},"28":{"start":{"line":81,"column":4},"end":{"line":91,"column":5}},"29":{"start":{"line":82,"column":28},"end":{"line":82,"column":42}},"30":{"start":{"line":83,"column":6},"end":{"line":83,"column":61}},"31":{"start":{"line":85,"column":6},"end":{"line":88,"column":9}},"32":{"start":{"line":90,"column":6},"end":{"line":90,"column":16}},"33":{"start":{"line":94,"column":28},"end":{"line":124,"column":3}},"34":{"start":{"line":101,"column":4},"end":{"line":123,"column":5}},"35":{"start":{"line":102,"column":28},"end":{"line":102,"column":42}},"36":{"start":{"line":103,"column":21},"end":{"line":103,"column":85}},"37":{"start":{"line":105,"column":20},"end":{"line":105,"column":98}},"38":{"start":{"line":107,"column":6},"end":{"line":110,"column":9}},"39":{"start":{"line":112,"column":28},"end":{"line":112,"column":42}},"40":{"start":{"line":113,"column":6},"end":{"line":118,"column":7}},"41":{"start":{"line":114,"column":8},"end":{"line":117,"column":11}},"42":{"start":{"line":119,"column":6},"end":{"line":122,"column":9}}},"fnMap":{"0":{"name":"(anonymous_0)","decl":{"start":{"line":10,"column":2},"end":{"line":10,"column":null}},"loc":{"start":{"line":12,"column":73},"end":{"line":13,"column":6}}},"1":{"name":"(anonymous_1)","decl":{"start":{"line":15,"column":21},"end":{"line":15,"column":26}},"loc":{"start":{"line":15,"column":114},"end":{"line":28,"column":3}}},"2":{"name":"(anonymous_2)","decl":{"start":{"line":30,"column":25},"end":{"line":30,"column":30}},"loc":{"start":{"line":30,"column":115},"end":{"line":42,"column":3}}},"3":{"name":"(anonymous_3)","decl":{"start":{"line":44,"column":18},"end":{"line":44,"column":23}},"loc":{"start":{"line":44,"column":96},"end":{"line":56,"column":3}}},"4":{"name":"(anonymous_4)","decl":{"start":{"line":58,"column":23},"end":{"line":58,"column":28}},"loc":{"start":{"line":64,"column":6},"end":{"line":78,"column":3}}},"5":{"name":"(anonymous_5)","decl":{"start":{"line":80,"column":19},"end":{"line":80,"column":24}},"loc":{"start":{"line":80,"column":109},"end":{"line":92,"column":3}}},"6":{"name":"(anonymous_6)","decl":{"start":{"line":94,"column":28},"end":{"line":94,"column":33}},"loc":{"start":{"line":100,"column":6},"end":{"line":124,"column":3}}}},"branchMap":{"0":{"loc":{"start":{"line":103,"column":21},"end":{"line":103,"column":85}},"type":"cond-expr","locations":[{"start":{"line":103,"column":45},"end":{"line":103,"column":73}},{"start":{"line":103,"column":76},"end":{"line":103,"column":85}}]},"1":{"loc":{"start":{"line":113,"column":6},"end":{"line":118,"column":7}},"type":"if","locations":[{"start":{"line":113,"column":6},"end":{"line":118,"column":7}},{"start":{},"end":{}}]},"2":{"loc":{"start":{"line":116,"column":17},"end":{"line":116,"column":54}},"type":"cond-expr","locations":[{"start":{"line":116,"column":39},"end":{"line":116,"column":49}},{"start":{"line":116,"column":52},"end":{"line":116,"column":54}}]},"3":{"loc":{"start":{"line":121,"column":15},"end":{"line":121,"column":52}},"type":"cond-expr","locations":[{"start":{"line":121,"column":37},"end":{"line":121,"column":47}},{"start":{"line":121,"column":50},"end":{"line":121,"column":52}}]}},"s":{"0":0,"1":0,"2":0,"3":0,"4":0,"5":0,"6":0,"7":0,"8":0,"9":0,"10":0,"11":0,"12":0,"13":0,"14":0,"15":0,"16":0,"17":0,"18":0,"19":0,"20":0,"21":0,"22":0,"23":0,"24":0,"25":0,"26":0,"27":0,"28":0,"29":0,"30":0,"31":0,"32":0,"33":0,"34":0,"35":0,"36":0,"37":0,"38":0,"39":0,"40":0,"41":0,"42":0},"f":{"0":0,"1":0,"2":0,"3":0,"4":0,"5":0,"6":0},"b":{"0":[0,0],"1":[0,0],"2":[0,0],"3":[0,0]}}
,"C:\\Code\\inexu-coordinadora\\iuKer\\src\\core\\infraestructura\\controladores\\estadoHttp.enum.ts": {"path":"C:\\Code\\inexu-coordinadora\\iuKer\\src\\core\\infraestructura\\controladores\\estadoHttp.enum.ts","statementMap":{"0":{"start":{"line":1,"column":0},"end":{"line":1,"column":null}},"1":{"start":{"line":2,"column":2},"end":{"line":2,"column":null}},"2":{"start":{"line":3,"column":2},"end":{"line":3,"column":null}},"3":{"start":{"line":5,"column":2},"end":{"line":5,"column":null}},"4":{"start":{"line":6,"column":2},"end":{"line":6,"column":null}},"5":{"start":{"line":7,"column":2},"end":{"line":7,"column":null}},"6":{"start":{"line":9,"column":2},"end":{"line":9,"column":null}}},"fnMap":{"0":{"name":"(anonymous_0)","decl":{"start":{"line":1,"column":0},"end":{"line":1,"column":12}},"loc":{"start":{"line":1,"column":22},"end":{"line":10,"column":1}}}},"branchMap":{"0":{"loc":{"start":{"line":1,"column":12},"end":{"line":1,"column":null}},"type":"binary-expr","locations":[{"start":{"line":1,"column":12},"end":{"line":1,"column":22}},{"start":{"line":1,"column":22},"end":{"line":1,"column":null}}]}},"s":{"0":2,"1":2,"2":2,"3":2,"4":2,"5":2,"6":2},"f":{"0":2},"b":{"0":[2,2]}}
,"C:\\Code\\inexu-coordinadora\\iuKer\\src\\core\\infraestructura\\controladores\\manejoGlobalDeErrores.ts": {"path":"C:\\Code\\inexu-coordinadora\\iuKer\\src\\core\\infraestructura\\controladores\\manejoGlobalDeErrores.ts","statementMap":{"0":{"start":{"line":6,"column":40},"end":{"line":43,"column":1}},"1":{"start":{"line":11,"column":2},"end":{"line":16,"column":3}},"2":{"start":{"line":12,"column":4},"end":{"line":15,"column":7}},"3":{"start":{"line":18,"column":2},"end":{"line":28,"column":3}},"4":{"start":{"line":19,"column":4},"end":{"line":27,"column":7}},"5":{"start":{"line":23,"column":45},"end":{"line":26,"column":8}},"6":{"start":{"line":30,"column":2},"end":{"line":37,"column":3}},"7":{"start":{"line":31,"column":4},"end":{"line":31,"column":29}},"8":{"start":{"line":33,"column":4},"end":{"line":36,"column":7}},"9":{"start":{"line":39,"column":2},"end":{"line":42,"column":5}}},"fnMap":{"0":{"name":"(anonymous_0)","decl":{"start":{"line":6,"column":40},"end":{"line":6,"column":null}},"loc":{"start":{"line":10,"column":4},"end":{"line":43,"column":1}}},"1":{"name":"(anonymous_1)","decl":{"start":{"line":23,"column":33},"end":{"line":23,"column":34}},"loc":{"start":{"line":23,"column":45},"end":{"line":26,"column":8}}}},"branchMap":{"0":{"loc":{"start":{"line":11,"column":2},"end":{"line":16,"column":3}},"type":"if","locations":[{"start":{"line":11,"column":2},"end":{"line":16,"column":3}},{"start":{},"end":{}}]},"1":{"loc":{"start":{"line":18,"column":2},"end":{"line":28,"column":3}},"type":"if","locations":[{"start":{"line":18,"column":2},"end":{"line":28,"column":3}},{"start":{},"end":{}}]},"2":{"loc":{"start":{"line":22,"column":13},"end":{"line":22,"column":75}},"type":"binary-expr","locations":[{"start":{"line":22,"column":13},"end":{"line":22,"column":37}},{"start":{"line":22,"column":41},"end":{"line":22,"column":75}}]},"3":{"loc":{"start":{"line":30,"column":2},"end":{"line":37,"column":3}},"type":"if","locations":[{"start":{"line":30,"column":2},"end":{"line":37,"column":3}},{"start":{},"end":{}}]},"4":{"loc":{"start":{"line":41,"column":12},"end":{"line":41,"column":74}},"type":"binary-expr","locations":[{"start":{"line":41,"column":12},"end":{"line":41,"column":37}},{"start":{"line":41,"column":41},"end":{"line":41,"column":74}}]}},"s":{"0":0,"1":0,"2":0,"3":0,"4":0,"5":0,"6":0,"7":0,"8":0,"9":0},"f":{"0":0,"1":0},"b":{"0":[0,0],"1":[0,0],"2":[0,0],"3":[0,0],"4":[0,0]}}
,"C:\\Code\\inexu-coordinadora\\iuKer\\src\\core\\infraestructura\\esquemas\\asignacionEsquema.ts": {"path":"C:\\Code\\inexu-coordinadora\\iuKer\\src\\core\\infraestructura\\esquemas\\asignacionEsquema.ts","statementMap":{"0":{"start":{"line":6,"column":33},"end":{"line":6,"column":76}},"1":{"start":{"line":7,"column":28},"end":{"line":7,"column":71}},"2":{"start":{"line":9,"column":33},"end":{"line":31,"column":4}},"3":{"start":{"line":27,"column":20},"end":{"line":27,"column":56}}},"fnMap":{"0":{"name":"(anonymous_0)","decl":{"start":{"line":27,"column":10},"end":{"line":27,"column":11}},"loc":{"start":{"line":27,"column":20},"end":{"line":27,"column":56}}}},"branchMap":{},"s":{"0":0,"1":0,"2":0,"3":0},"f":{"0":0},"b":{}}
,"C:\\Code\\inexu-coordinadora\\iuKer\\src\\core\\infraestructura\\esquemas\\citaMedicaEsquema.ts": {"path":"C:\\Code\\inexu-coordinadora\\iuKer\\src\\core\\infraestructura\\esquemas\\citaMedicaEsquema.ts","statementMap":{"0":{"start":{"line":3,"column":38},"end":{"line":15,"column":2}}},"fnMap":{},"branchMap":{},"s":{"0":0},"f":{},"b":{}}
,"C:\\Code\\inexu-coordinadora\\iuKer\\src\\core\\infraestructura\\esquemas\\consultorioEsquema.ts": {"path":"C:\\Code\\inexu-coordinadora\\iuKer\\src\\core\\infraestructura\\esquemas\\consultorioEsquema.ts","statementMap":{"0":{"start":{"line":4,"column":39},"end":{"line":10,"column":2}},"1":{"start":{"line":9,"column":26},"end":{"line":9,"column":39}}},"fnMap":{"0":{"name":"(anonymous_0)","decl":{"start":{"line":9,"column":15},"end":{"line":9,"column":16}},"loc":{"start":{"line":9,"column":26},"end":{"line":9,"column":39}}}},"branchMap":{"0":{"loc":{"start":{"line":9,"column":26},"end":{"line":9,"column":39}},"type":"binary-expr","locations":[{"start":{"line":9,"column":26},"end":{"line":9,"column":31}},{"start":{"line":9,"column":35},"end":{"line":9,"column":39}}]}},"s":{"0":0,"1":0},"f":{"0":0},"b":{"0":[0,0]}}
,"C:\\Code\\inexu-coordinadora\\iuKer\\src\\core\\infraestructura\\esquemas\\esquemasComunes.ts": {"path":"C:\\Code\\inexu-coordinadora\\iuKer\\src\\core\\infraestructura\\esquemas\\esquemasComunes.ts","statementMap":{"0":{"start":{"line":3,"column":13},"end":{"line":8,"column":null}},"1":{"start":{"line":11,"column":14},"end":{"line":14,"column":46}},"2":{"start":{"line":16,"column":15},"end":{"line":20,"column":58}},"3":{"start":{"line":22,"column":17},"end":{"line":26,"column":60}},"4":{"start":{"line":28,"column":14},"end":{"line":33,"column":null}},"5":{"start":{"line":36,"column":13},"end":{"line":42,"column":4}},"6":{"start":{"line":40,"column":21},"end":{"line":40,"column":61}},"7":{"start":{"line":44,"column":17},"end":{"line":47,"column":72}},"8":{"start":{"line":49,"column":22},"end":{"line":53,"column":54}},"9":{"start":{"line":55,"column":24},"end":{"line":60,"column":78}},"10":{"start":{"line":62,"column":27},"end":{"line":67,"column":88}},"11":{"start":{"line":69,"column":22},"end":{"line":74,"column":79}},"12":{"start":{"line":76,"column":31},"end":{"line":88,"column":2}}},"fnMap":{"0":{"name":"(anonymous_0)","decl":{"start":{"line":40,"column":10},"end":{"line":40,"column":11}},"loc":{"start":{"line":40,"column":21},"end":{"line":40,"column":61}}}},"branchMap":{},"s":{"0":0,"1":0,"2":0,"3":0,"4":0,"5":0,"6":0,"7":0,"8":0,"9":0,"10":0,"11":0,"12":0},"f":{"0":0},"b":{}}
,"C:\\Code\\inexu-coordinadora\\iuKer\\src\\core\\infraestructura\\esquemas\\medicoEsquema.ts": {"path":"C:\\Code\\inexu-coordinadora\\iuKer\\src\\core\\infraestructura\\esquemas\\medicoEsquema.ts","statementMap":{"0":{"start":{"line":4,"column":34},"end":{"line":22,"column":2}}},"fnMap":{},"branchMap":{},"s":{"0":0},"f":{},"b":{}}
,"C:\\Code\\inexu-coordinadora\\iuKer\\src\\core\\infraestructura\\esquemas\\pacienteEsquema.ts": {"path":"C:\\Code\\inexu-coordinadora\\iuKer\\src\\core\\infraestructura\\esquemas\\pacienteEsquema.ts","statementMap":{"0":{"start":{"line":4,"column":31},"end":{"line":18,"column":2}}},"fnMap":{},"branchMap":{},"s":{"0":0},"f":{},"b":{}}
,"C:\\Code\\inexu-coordinadora\\iuKer\\src\\core\\infraestructura\\esquemas\\variablesEntornoEsquema.ts": {"path":"C:\\Code\\inexu-coordinadora\\iuKer\\src\\core\\infraestructura\\esquemas\\variablesEntornoEsquema.ts","statementMap":{"0":{"start":{"line":3,"column":39},"end":{"line":29,"column":2}}},"fnMap":{},"branchMap":{},"s":{"0":0},"f":{},"b":{}}
,"C:\\Code\\inexu-coordinadora\\iuKer\\src\\core\\infraestructura\\repositorios\\postgres\\AsignacionMedicoRepositorio.ts": {"path":"C:\\Code\\inexu-coordinadora\\iuKer\\src\\core\\infraestructura\\repositorios\\postgres\\AsignacionMedicoRepositorio.ts","statementMap":{"0":{"start":{"line":22,"column":6},"end":{"line":27,"column":36}},"1":{"start":{"line":29,"column":19},"end":{"line":35,"column":6}},"2":{"start":{"line":37,"column":4},"end":{"line":37,"column":34}},"3":{"start":{"line":47,"column":6},"end":{"line":51,"column":30}},"4":{"start":{"line":53,"column":19},"end":{"line":58,"column":6}},"5":{"start":{"line":60,"column":4},"end":{"line":60,"column":34}},"6":{"start":{"line":66,"column":31},"end":{"line":67,"column":null}},"7":{"start":{"line":67,"column":6},"end":{"line":67,"column":30}},"8":{"start":{"line":69,"column":47},"end":{"line":69,"column":77}},"9":{"start":{"line":70,"column":25},"end":{"line":70,"column":71}},"10":{"start":{"line":70,"column":48},"end":{"line":70,"column":59}},"11":{"start":{"line":72,"column":18},"end":{"line":76,"column":6}},"12":{"start":{"line":78,"column":19},"end":{"line":78,"column":60}},"13":{"start":{"line":80,"column":35},"end":{"line":80,"column":49}},"14":{"start":{"line":82,"column":4},"end":{"line":82,"column":37}},"15":{"start":{"line":86,"column":23},"end":{"line":86,"column":47}},"16":{"start":{"line":88,"column":6},"end":{"line":89,"column":45}},"17":{"start":{"line":91,"column":4},"end":{"line":91,"column":48}}},"fnMap":{"0":{"name":"(anonymous_0)","decl":{"start":{"line":14,"column":2},"end":{"line":14,"column":7}},"loc":{"start":{"line":19,"column":22},"end":{"line":38,"column":3}}},"1":{"name":"(anonymous_1)","decl":{"start":{"line":40,"column":2},"end":{"line":40,"column":7}},"loc":{"start":{"line":44,"column":23},"end":{"line":61,"column":3}}},"2":{"name":"(anonymous_2)","decl":{"start":{"line":63,"column":2},"end":{"line":63,"column":7}},"loc":{"start":{"line":64,"column":38},"end":{"line":83,"column":3}}},"3":{"name":"(anonymous_3)","decl":{"start":{"line":66,"column":64},"end":{"line":66,"column":65}},"loc":{"start":{"line":67,"column":6},"end":{"line":67,"column":30}}},"4":{"name":"(anonymous_4)","decl":{"start":{"line":70,"column":38},"end":{"line":70,"column":39}},"loc":{"start":{"line":70,"column":48},"end":{"line":70,"column":59}}},"5":{"name":"(anonymous_5)","decl":{"start":{"line":85,"column":2},"end":{"line":85,"column":7}},"loc":{"start":{"line":85,"column":59},"end":{"line":92,"column":3}}}},"branchMap":{},"s":{"0":0,"1":0,"2":0,"3":0,"4":0,"5":0,"6":0,"7":0,"8":0,"9":0,"10":0,"11":0,"12":0,"13":0,"14":0,"15":0,"16":0,"17":0},"f":{"0":0,"1":0,"2":0,"3":0,"4":0,"5":0},"b":{}}
,"C:\\Code\\inexu-coordinadora\\iuKer\\src\\core\\infraestructura\\repositorios\\postgres\\CitasMedicasRepositorio.ts": {"path":"C:\\Code\\inexu-coordinadora\\iuKer\\src\\core\\infraestructura\\repositorios\\postgres\\CitasMedicasRepositorio.ts","statementMap":{"0":{"start":{"line":14,"column":4},"end":{"line":39,"column":6}},"1":{"start":{"line":43,"column":16},"end":{"line":43,"column":56}},"2":{"start":{"line":45,"column":30},"end":{"line":45,"column":32}},"3":{"start":{"line":47,"column":4},"end":{"line":50,"column":5}},"4":{"start":{"line":48,"column":6},"end":{"line":48,"column":27}},"5":{"start":{"line":49,"column":6},"end":{"line":49,"column":27}},"6":{"start":{"line":52,"column":22},"end":{"line":52,"column":60}},"7":{"start":{"line":54,"column":36},"end":{"line":54,"column":50}},"8":{"start":{"line":55,"column":18},"end":{"line":55,"column":46}},"9":{"start":{"line":56,"column":4},"end":{"line":56,"column":17}},"10":{"start":{"line":60,"column":18},"end":{"line":60,"column":56}},"11":{"start":{"line":61,"column":22},"end":{"line":61,"column":61}},"12":{"start":{"line":63,"column":4},"end":{"line":63,"column":49}},"13":{"start":{"line":63,"column":37},"end":{"line":63,"column":49}},"14":{"start":{"line":65,"column":37},"end":{"line":65,"column":54}},"15":{"start":{"line":66,"column":17},"end":{"line":66,"column":44}},"16":{"start":{"line":68,"column":4},"end":{"line":68,"column":16}},"17":{"start":{"line":79,"column":26},"end":{"line":79,"column":69}},"18":{"start":{"line":81,"column":16},"end":{"line":89,"column":6}},"19":{"start":{"line":91,"column":47},"end":{"line":91,"column":82}},"20":{"start":{"line":93,"column":4},"end":{"line":96,"column":5}},"21":{"start":{"line":94,"column":6},"end":{"line":94,"column":36}},"22":{"start":{"line":95,"column":6},"end":{"line":95,"column":34}},"23":{"start":{"line":98,"column":22},"end":{"line":98,"column":59}},"24":{"start":{"line":99,"column":4},"end":{"line":99,"column":37}},"25":{"start":{"line":114,"column":26},"end":{"line":114,"column":69}},"26":{"start":{"line":115,"column":16},"end":{"line":124,"column":6}},"27":{"start":{"line":126,"column":47},"end":{"line":126,"column":110}},"28":{"start":{"line":127,"column":4},"end":{"line":130,"column":5}},"29":{"start":{"line":128,"column":6},"end":{"line":128,"column":36}},"30":{"start":{"line":129,"column":6},"end":{"line":129,"column":34}},"31":{"start":{"line":132,"column":22},"end":{"line":132,"column":59}},"32":{"start":{"line":133,"column":4},"end":{"line":133,"column":37}},"33":{"start":{"line":141,"column":26},"end":{"line":141,"column":69}},"34":{"start":{"line":142,"column":22},"end":{"line":142,"column":44}},"35":{"start":{"line":143,"column":20},"end":{"line":143,"column":51}},"36":{"start":{"line":145,"column":18},"end":{"line":151,"column":6}},"37":{"start":{"line":153,"column":22},"end":{"line":153,"column":60}},"38":{"start":{"line":155,"column":4},"end":{"line":155,"column":39}},"39":{"start":{"line":159,"column":21},"end":{"line":159,"column":88}},"40":{"start":{"line":159,"column":63},"end":{"line":159,"column":87}},"41":{"start":{"line":160,"column":47},"end":{"line":160,"column":77}},"42":{"start":{"line":161,"column":25},"end":{"line":161,"column":71}},"43":{"start":{"line":161,"column":48},"end":{"line":161,"column":59}},"44":{"start":{"line":163,"column":18},"end":{"line":167,"column":6}},"45":{"start":{"line":169,"column":22},"end":{"line":169,"column":63}},"46":{"start":{"line":170,"column":25},"end":{"line":170,"column":79}},"47":{"start":{"line":171,"column":4},"end":{"line":171,"column":24}},"48":{"start":{"line":176,"column":4},"end":{"line":176,"column":94}},"49":{"start":{"line":178,"column":4},"end":{"line":178,"column":85}},"50":{"start":{"line":183,"column":4},"end":{"line":185,"column":7}},"51":{"start":{"line":187,"column":43},"end":{"line":191,"column":6}},"52":{"start":{"line":193,"column":4},"end":{"line":193,"column":53}},"53":{"start":{"line":198,"column":18},"end":{"line":203,"column":6}},"54":{"start":{"line":205,"column":22},"end":{"line":205,"column":61}},"55":{"start":{"line":206,"column":26},"end":{"line":206,"column":80}},"56":{"start":{"line":207,"column":4},"end":{"line":207,"column":25}},"57":{"start":{"line":211,"column":18},"end":{"line":216,"column":6}},"58":{"start":{"line":218,"column":22},"end":{"line":218,"column":61}},"59":{"start":{"line":219,"column":27},"end":{"line":219,"column":81}},"60":{"start":{"line":220,"column":4},"end":{"line":220,"column":26}},"61":{"start":{"line":224,"column":47},"end":{"line":224,"column":58}},"62":{"start":{"line":225,"column":16},"end":{"line":234,"column":6}},"63":{"start":{"line":235,"column":4},"end":{"line":238,"column":5}},"64":{"start":{"line":236,"column":6},"end":{"line":236,"column":27}},"65":{"start":{"line":237,"column":6},"end":{"line":237,"column":30}},"66":{"start":{"line":240,"column":22},"end":{"line":240,"column":63}},"67":{"start":{"line":242,"column":38},"end":{"line":242,"column":52}},"68":{"start":{"line":243,"column":18},"end":{"line":243,"column":48}},"69":{"start":{"line":244,"column":4},"end":{"line":244,"column":17}},"70":{"start":{"line":248,"column":4},"end":{"line":251,"column":6}},"71":{"start":{"line":253,"column":4},"end":{"line":253,"column":96}},"72":{"start":{"line":257,"column":4},"end":{"line":260,"column":6}},"73":{"start":{"line":262,"column":4},"end":{"line":265,"column":7}}},"fnMap":{"0":{"name":"(anonymous_0)","decl":{"start":{"line":13,"column":2},"end":{"line":13,"column":14}},"loc":{"start":{"line":13,"column":24},"end":{"line":40,"column":3}}},"1":{"name":"(anonymous_1)","decl":{"start":{"line":42,"column":2},"end":{"line":42,"column":7}},"loc":{"start":{"line":42,"column":36},"end":{"line":57,"column":3}}},"2":{"name":"(anonymous_2)","decl":{"start":{"line":59,"column":2},"end":{"line":59,"column":7}},"loc":{"start":{"line":59,"column":39},"end":{"line":69,"column":3}}},"3":{"name":"(anonymous_3)","decl":{"start":{"line":73,"column":2},"end":{"line":73,"column":7}},"loc":{"start":{"line":77,"column":27},"end":{"line":104,"column":3}}},"4":{"name":"(anonymous_4)","decl":{"start":{"line":107,"column":2},"end":{"line":107,"column":7}},"loc":{"start":{"line":112,"column":27},"end":{"line":138,"column":3}}},"5":{"name":"(anonymous_5)","decl":{"start":{"line":140,"column":2},"end":{"line":140,"column":7}},"loc":{"start":{"line":140,"column":76},"end":{"line":156,"column":3}}},"6":{"name":"(anonymous_6)","decl":{"start":{"line":158,"column":2},"end":{"line":158,"column":7}},"loc":{"start":{"line":158,"column":48},"end":{"line":172,"column":3}}},"7":{"name":"(anonymous_7)","decl":{"start":{"line":159,"column":54},"end":{"line":159,"column":55}},"loc":{"start":{"line":159,"column":63},"end":{"line":159,"column":87}}},"8":{"name":"(anonymous_8)","decl":{"start":{"line":161,"column":38},"end":{"line":161,"column":39}},"loc":{"start":{"line":161,"column":48},"end":{"line":161,"column":59}}},"9":{"name":"(anonymous_9)","decl":{"start":{"line":174,"column":2},"end":{"line":174,"column":7}},"loc":{"start":{"line":174,"column":35},"end":{"line":179,"column":3}}},"10":{"name":"(anonymous_10)","decl":{"start":{"line":182,"column":2},"end":{"line":182,"column":7}},"loc":{"start":{"line":182,"column":72},"end":{"line":194,"column":3}}},"11":{"name":"(anonymous_11)","decl":{"start":{"line":197,"column":2},"end":{"line":197,"column":7}},"loc":{"start":{"line":197,"column":35},"end":{"line":208,"column":3}}},"12":{"name":"(anonymous_12)","decl":{"start":{"line":210,"column":2},"end":{"line":210,"column":7}},"loc":{"start":{"line":210,"column":36},"end":{"line":221,"column":3}}},"13":{"name":"(anonymous_13)","decl":{"start":{"line":223,"column":2},"end":{"line":223,"column":7}},"loc":{"start":{"line":223,"column":66},"end":{"line":245,"column":3}}},"14":{"name":"(anonymous_14)","decl":{"start":{"line":247,"column":2},"end":{"line":247,"column":7}},"loc":{"start":{"line":247,"column":57},"end":{"line":254,"column":3}}},"15":{"name":"(anonymous_15)","decl":{"start":{"line":256,"column":2},"end":{"line":256,"column":7}},"loc":{"start":{"line":256,"column":83},"end":{"line":266,"column":3}}}},"branchMap":{"0":{"loc":{"start":{"line":47,"column":4},"end":{"line":50,"column":5}},"type":"if","locations":[{"start":{"line":47,"column":4},"end":{"line":50,"column":5}},{"start":{},"end":{}}]},"1":{"loc":{"start":{"line":63,"column":4},"end":{"line":63,"column":49}},"type":"if","locations":[{"start":{"line":63,"column":4},"end":{"line":63,"column":49}},{"start":{},"end":{}}]},"2":{"loc":{"start":{"line":93,"column":4},"end":{"line":96,"column":5}},"type":"if","locations":[{"start":{"line":93,"column":4},"end":{"line":96,"column":5}},{"start":{},"end":{}}]},"3":{"loc":{"start":{"line":127,"column":4},"end":{"line":130,"column":5}},"type":"i
[...]
48,"column":62}},"23":{"start":{"line":49,"column":24},"end":{"line":49,"column":59}},"24":{"start":{"line":50,"column":4},"end":{"line":50,"column":23}},"25":{"start":{"line":54,"column":21},"end":{"line":54,"column":89}},"26":{"start":{"line":54,"column":64},"end":{"line":54,"column":88}},"27":{"start":{"line":55,"column":43},"end":{"line":55,"column":74}},"28":{"start":{"line":56,"column":22},"end":{"line":56,"column":76}},"29":{"start":{"line":56,"column":46},"end":{"line":56,"column":64}},"30":{"start":{"line":57,"column":4},"end":{"line":57,"column":31}},"31":{"start":{"line":59,"column":18},"end":{"line":64,"column":null}},"32":{"start":{"line":66,"column":22},"end":{"line":66,"column":59}},"33":{"start":{"line":67,"column":4},"end":{"line":67,"column":49}},"34":{"start":{"line":67,"column":37},"end":{"line":67,"column":49}},"35":{"start":{"line":69,"column":52},"end":{"line":69,"column":69}},"36":{"start":{"line":70,"column":4},"end":{"line":70,"column":54}},"37":{"start":{"line":74,"column":4},"end":{"line":75,"column":77}}},"fnMap":{"0":{"name":"(anonymous_0)","decl":{"start":{"line":10,"column":2},"end":{"line":10,"column":7}},"loc":{"start":{"line":10,"column":56},"end":{"line":23,"column":3}}},"1":{"name":"(anonymous_1)","decl":{"start":{"line":11,"column":55},"end":{"line":11,"column":56}},"loc":{"start":{"line":11,"column":64},"end":{"line":11,"column":88}}},"2":{"name":"(anonymous_2)","decl":{"start":{"line":13,"column":38},"end":{"line":13,"column":39}},"loc":{"start":{"line":13,"column":46},"end":{"line":13,"column":57}}},"3":{"name":"(anonymous_3)","decl":{"start":{"line":25,"column":2},"end":{"line":25,"column":7}},"loc":{"start":{"line":25,"column":42},"end":{"line":38,"column":3}}},"4":{"name":"(anonymous_4)","decl":{"start":{"line":40,"column":2},"end":{"line":40,"column":7}},"loc":{"start":{"line":40,"column":53},"end":{"line":51,"column":3}}},"5":{"name":"(anonymous_5)","decl":{"start":{"line":53,"column":2},"end":{"line":53,"column":7}},"loc":{"start":{"line":53,"column":81},"end":{"line":71,"column":3}}},"6":{"name":"(anonymous_6)","decl":{"start":{"line":54,"column":55},"end":{"line":54,"column":56}},"loc":{"start":{"line":54,"column":64},"end":{"line":54,"column":88}}},"7":{"name":"(anonymous_7)","decl":{"start":{"line":56,"column":35},"end":{"line":56,"column":36}},"loc":{"start":{"line":56,"column":46},"end":{"line":56,"column":64}}},"8":{"name":"(anonymous_8)","decl":{"start":{"line":73,"column":2},"end":{"line":73,"column":7}},"loc":{"start":{"line":73,"column":49},"end":{"line":76,"column":3}}}},"branchMap":{"0":{"loc":{"start":{"line":29,"column":4},"end":{"line":32,"column":5}},"type":"if","locations":[{"start":{"line":29,"column":4},"end":{"line":32,"column":5}},{"start":{},"end":{}}]},"1":{"loc":{"start":{"line":46,"column":4},"end":{"line":46,"column":49}},"type":"if","locations":[{"start":{"line":46,"column":4},"end":{"line":46,"column":49}},{"start":{},"end":{}}]},"2":{"loc":{"start":{"line":67,"column":4},"end":{"line":67,"column":49}},"type":"if","locations":[{"start":{"line":67,"column":4},"end":{"line":67,"column":49}},{"start":{},"end":{}}]}},"s":{"0":0,"1":0,"2":0,"3":0,"4":0,"5":0,"6":0,"7":0,"8":0,"9":0,"10":0,"11":0,"12":0,"13":0,"14":0,"15":0,"16":0,"17":0,"18":0,"19":0,"20":0,"21":0,"22":0,"23":0,"24":0,"25":0,"26":0,"27":0,"28":0,"29":0,"30":0,"31":0,"32":0,"33":0,"34":0,"35":0,"36":0,"37":0},"f":{"0":0,"1":0,"2":0,"3":0,"4":0,"5":0,"6":0,"7":0,"8":0},"b":{"0":[0,0],"1":[0,0],"2":[0,0]}}
,"C:\\Code\\inexu-coordinadora\\iuKer\\src\\core\\infraestructura\\repositorios\\postgres\\MedicosRepositorio.ts": {"path":"C:\\Code\\inexu-coordinadora\\iuKer\\src\\core\\infraestructura\\repositorios\\postgres\\MedicosRepositorio.ts","statementMap":{"0":{"start":{"line":10,"column":21},"end":{"line":10,"column":45}},"1":{"start":{"line":11,"column":28},"end":{"line":11,"column":67}},"2":{"start":{"line":11,"column":44},"end":{"line":11,"column":66}},"3":{"start":{"line":12,"column":27},"end":{"line":12,"column":68}},"4":{"start":{"line":12,"column":44},"end":{"line":12,"column":67}},"5":{"start":{"line":13,"column":29},"end":{"line":13,"column":74}},"6":{"start":{"line":13,"column":53},"end":{"line":13,"column":62}},"7":{"start":{"line":15,"column":22},"end":{"line":29,"column":10}},"8":{"start":{"line":31,"column":26},"end":{"line":31,"column":67}},"9":{"start":{"line":32,"column":33},"end":{"line":32,"column":50}},"10":{"start":{"line":33,"column":23},"end":{"line":33,"column":42}},"11":{"start":{"line":34,"column":8},"end":{"line":34,"column":22}},"12":{"start":{"line":39,"column":8},"end":{"line":43,"column":44}},"13":{"start":{"line":45,"column":35},"end":{"line":45,"column":37}},"14":{"start":{"line":47,"column":8},"end":{"line":50,"column":9}},"15":{"start":{"line":48,"column":12},"end":{"line":48,"column":33}},"16":{"start":{"line":49,"column":12},"end":{"line":49,"column":33}},"17":{"start":{"line":52,"column":26},"end":{"line":52,"column":64}},"18":{"start":{"line":53,"column":36},"end":{"line":53,"column":50}},"19":{"start":{"line":54,"column":24},"end":{"line":54,"column":48}},"20":{"start":{"line":55,"column":8},"end":{"line":55,"column":23}},"21":{"start":{"line":59,"column":22},"end":{"line":65,"column":10}},"22":{"start":{"line":67,"column":26},"end":{"line":67,"column":77}},"23":{"start":{"line":68,"column":36},"end":{"line":68,"column":50}},"24":{"start":{"line":69,"column":24},"end":{"line":69,"column":48}},"25":{"start":{"line":70,"column":8},"end":{"line":70,"column":34}},"26":{"start":{"line":75,"column":24},"end":{"line":75,"column":86}},"27":{"start":{"line":75,"column":70},"end":{"line":75,"column":85}},"28":{"start":{"line":76,"column":8},"end":{"line":78,"column":9}},"29":{"start":{"line":77,"column":12},"end":{"line":77,"column":85}},"30":{"start":{"line":80,"column":28},"end":{"line":80,"column":72}},"31":{"start":{"line":80,"column":49},"end":{"line":80,"column":71}},"32":{"start":{"line":81,"column":27},"end":{"line":81,"column":52}},"33":{"start":{"line":81,"column":50},"end":{"line":81,"column":51}},"34":{"start":{"line":82,"column":26},"end":{"line":82,"column":81}},"35":{"start":{"line":82,"column":53},"end":{"line":82,"column":69}},"36":{"start":{"line":83,"column":8},"end":{"line":83,"column":44}},"37":{"start":{"line":85,"column":21},"end":{"line":90,"column":10}},"38":{"start":{"line":92,"column":26},"end":{"line":92,"column":67}},"39":{"start":{"line":93,"column":36},"end":{"line":93,"column":50}},"40":{"start":{"line":94,"column":24},"end":{"line":94,"column":48}},"41":{"start":{"line":95,"column":8},"end":{"line":95,"column":34}},"42":{"start":{"line":99,"column":8},"end":{"line":99,"column":107}}},"fnMap":{"0":{"name":"(anonymous_0)","decl":{"start":{"line":9,"column":4},"end":{"line":9,"column":9}},"loc":{"start":{"line":9,"column":43},"end":{"line":35,"column":5}}},"1":{"name":"(anonymous_1)","decl":{"start":{"line":11,"column":37},"end":{"line":11,"column":38}},"loc":{"start":{"line":11,"column":44},"end":{"line":11,"column":66}}},"2":{"name":"(anonymous_2)","decl":{"start":{"line":12,"column":36},"end":{"line":12,"column":37}},"loc":{"start":{"line":12,"column":44},"end":{"line":12,"column":67}}},"3":{"name":"(anonymous_3)","decl":{"start":{"line":13,"column":44},"end":{"line":13,"column":45}},"loc":{"start":{"line":13,"column":53},"end":{"line":13,"column":62}}},"4":{"name":"(anonymous_4)","decl":{"start":{"line":37,"column":4},"end":{"line":37,"column":9}},"loc":{"start":{"line":37,"column":40},"end":{"line":56,"column":5}}},"5":{"name":"(anonymous_5)","decl":{"start":{"line":58,"column":4},"end":{"line":58,"column":9}},"loc":{"start":{"line":58,"column":71},"end":{"line":71,"column":5}}},"6":{"name":"(anonymous_6)","decl":{"start":{"line":73,"column":4},"end":{"line":73,"column":9}},"loc":{"start":{"line":73,"column":87},"end":{"line":96,"column":5}}},"7":{"name":"(anonymous_7)","decl":{"start":{"line":75,"column":59},"end":{"line":75,"column":60}},"loc":{"start":{"line":75,"column":70},"end":{"line":75,"column":85}}},"8":{"name":"(anonymous_8)","decl":{"start":{"line":80,"column":40},"end":{"line":80,"column":41}},"loc":{"start":{"line":80,"column":49},"end":{"line":80,"column":71}}},"9":{"name":"(anonymous_9)","decl":{"start":{"line":81,"column":39},"end":{"line":81,"column":40}},"loc":{"start":{"line":81,"column":50},"end":{"line":81,"column":51}}},"10":{"name":"(anonymous_10)","decl":{"start":{"line":82,"column":42},"end":{"line":82,"column":43}},"loc":{"start":{"line":82,"column":53},"end":{"line":82,"column":69}}},"11":{"name":"(anonymous_11)","decl":{"start":{"line":98,"column":4},"end":{"line":98,"column":9}},"loc":{"start":{"line":98,"column":52},"end":{"line":100,"column":5}}}},"branchMap":{"0":{"loc":{"start":{"line":47,"column":8},"end":{"line":50,"column":9}},"type":"if","locations":[{"start":{"line":47,"column":8},"end":{"line":50,"column":9}},{"start":{},"end":{}}]},"1":{"loc":{"start":{"line":70,"column":15},"end":{"line":70,"column":33}},"type":"binary-expr","locations":[{"start":{"line":70,"column":15},"end":{"line":70,"column":25}},{"start":{"line":70,"column":29},"end":{"line":70,"column":33}}]},"2":{"loc":{"start":{"line":76,"column":8},"end":{"line":78,"column":9}},"type":"if","locations":[{"start":{"line":76,"column":8},"end":{"line":78,"column":9}},{"start":{},"end":{}}]},"3":{"loc":{"start":{"line":95,"column":15},"end":{"line":95,"column":33}},"type":"binary-expr","locations":[{"start":{"line":95,"column":15},"end":{"line":95,"column":25}},{"start":{"line":95,"column":29},"end":{"line":95,"column":33}}]}},"s":{"0":0,"1":0,"2":0,"3":0,"4":0,"5":0,"6":0,"7":0,"8":0,"9":0,"10":0,"11":0,"12":0,"13":0,"14":0,"15":0,"16":0,"17":0,"18":0,"19":0,"20":0,"21":0,"22":0,"23":0,"24":0,"25":0,"26":0,"27":0,"28":0,"29":0,"30":0,"31":0,"32":0,"33":0,"34":0,"35":0,"36":0,"37":0,"38":0,"39":0,"40":0,"41":0,"42":0},"f":{"0":0,"1":0,"2":0,"3":0,"4":0,"5":0,"6":0,"7":0,"8":0,"9":0,"10":0,"11":0},"b":{"0":[0,0],"1":[0,0],"2":[0,0],"3":[0,0]}}
,"C:\\Code\\inexu-coordinadora\\iuKer\\src\\core\\infraestructura\\repositorios\\postgres\\PacientesRepositorio.ts": {"path":"C:\\Code\\inexu-coordinadora\\iuKer\\src\\core\\infraestructura\\repositorios\\postgres\\PacientesRepositorio.ts","statementMap":{"0":{"start":{"line":11,"column":4},"end":{"line":23,"column":6}},"1":{"start":{"line":27,"column":18},"end":{"line":27,"column":91}},"2":{"start":{"line":28,"column":19},"end":{"line":28,"column":70}},"3":{"start":{"line":31,"column":4},"end":{"line":31,"column":34}},"4":{"start":{"line":35,"column":16},"end":{"line":35,"column":31}},"5":{"start":{"line":36,"column":34},"end":{"line":36,"column":36}},"6":{"start":{"line":38,"column":4},"end":{"line":41,"column":5}},"7":{"start":{"line":39,"column":6},"end":{"line":39,"column":27}},"8":{"start":{"line":40,"column":6},"end":{"line":40,"column":31}},"9":{"start":{"line":43,"column":22},"end":{"line":43,"column":64}},"10":{"start":{"line":44,"column":34},"end":{"line":44,"column":48}},"11":{"start":{"line":45,"column":22},"end":{"line":45,"column":48}},"12":{"start":{"line":46,"column":4},"end":{"line":46,"column":21}},"13":{"start":{"line":50,"column":18},"end":{"line":50,"column":59}},"14":{"start":{"line":51,"column":22},"end":{"line":51,"column":64}},"15":{"start":{"line":53,"column":4},"end":{"line":53,"column":49}},"16":{"start":{"line":53,"column":37},"end":{"line":53,"column":49}},"17":{"start":{"line":55,"column":39},"end":{"line":55,"column":56}},"18":{"start":{"line":56,"column":21},"end":{"line":56,"column":50}},"19":{"start":{"line":58,"column":4},"end":{"line":58,"column":20}},"20":{"start":{"line":62,"column":31},"end":{"line":62,"column":96}},"21":{"start":{"line":62,"column":71},"end":{"line":62,"column":95}},"22":{"start":{"line":63,"column":54},"end":{"line":63,"column":82}},"23":{"start":{"line":64,"column":25},"end":{"line":64,"column":71}},"24":{"start":{"line":64,"column":48},"end":{"line":64,"column":59}},"25":{"start":{"line":66,"column":18},"end":{"line":70,"column":6}},"26":{"start":{"line":72,"column":22},"end":{"line":72,"column":63}},"27":{"start":{"line":73,"column":27},"end":{"line":73,"column":88}},"28":{"start":{"line":74,"column":4},"end":{"line":74,"column":26}},"29":{"start":{"line":78,"column":31},"end":{"line":78,"column":96}},"30":{"start":{"line":78,"column":71},"end":{"line":78,"column":95}},"31":{"start":{"line":79,"column":54},"end":{"line":79,"column":82}},"32":{"start":{"line":80,"column":24},"end":{"line":80,"column":79}},"33":{"start":{"line":80,"column":49},"end":{"line":80,"column":67}},"34":{"start":{"line":81,"column":4},"end":{"line":81,"column":31}},"35":{"start":{"line":83,"column":18},"end":{"line":88,"column":6}},"36":{"start":{"line":90,"column":22},"end":{"line":90,"column":63}},"37":{"start":{"line":92,"column":4},"end":{"line":94,"column":5}},"38":{"start":{"line":93,"column":6},"end":{"line":93,"column":78}},"39":{"start":{"line":96,"column":32},"end":{"line":96,"column":93}},"40":{"start":{"line":98,"column":4},"end":{"line":98,"column":31}},"41":{"start":{"line":102,"column":4},"end":{"line":102,"column":87}}},"fnMap":{"0":{"name":"(anonymous_0)","decl":{"start":{"line":10,"column":2},"end":{"line":10,"column":14}},"loc":{"start":{"line":10,"column":24},"end":{"line":24,"column":3}}},"1":{"name":"(anonymous_1)","decl":{"start":{"line":25,"column":2},"end":{"line":25,"column":7}},"loc":{"start":{"line":25,"column":69},"end":{"line":32,"column":3}}},"2":{"name":"(anonymous_2)","decl":{"start":{"line":34,"column":2},"end":{"line":34,"column":7}},"loc":{"start":{"line":34,"column":40},"end":{"line":47,"column":3}}},"3":{"name":"(anonymous_3)","decl":{"start":{"line":49,"column":2},"end":{"line":49,"column":7}},"loc":{"start":{"line":49,"column":46},"end":{"line":59,"column":3}}},"4":{"name":"(anonymous_4)","decl":{"start":{"line":61,"column":2},"end":{"line":61,"column":7}},"loc":{"start":{"line":61,"column":46},"end":{"line":75,"column":3}}},"5":{"name":"(anonymous_5)","decl":{"start":{"line":62,"column":62},"end":{"line":62,"column":63}},"loc":{"start":{"line":62,"column":71},"end":{"line":62,"column":95}}},"6":{"name":"(anonymous_6)","decl":{"start":{"line":64,"column":38},"end":{"line":64,"column":39}},"loc":{"start":{"line":64,"column":48},"end":{"line":64,"column":59}}},"7":{"name":"(anonymous_7)","decl":{"start":{"line":77,"column":2},"end":{"line":77,"column":7}},"loc":{"start":{"line":77,"column":70},"end":{"line":99,"column":3}}},"8":{"name":"(anonymous_8)","decl":{"start":{"line":78,"column":62},"end":{"line":78,"column":63}},"loc":{"start":{"line":78,"column":71},"end":{"line":78,"column":95}}},"9":{"name":"(anonymous_9)","decl":{"start":{"line":80,"column":37},"end":{"line":80,"column":38}},"loc":{"start":{"line":80,"column":49},"end":{"line":80,"column":67}}},"10":{"name":"(anonymous_10)","decl":{"start":{"line":101,"column":2},"end":{"line":101,"column":7}},"loc":{"start":{"line":101,"column":40},"end":{"line":103,"column":3}}}},"branchMap":{"0":{"loc":{"start":{"line":38,"column":4},"end":{"line":41,"column":5}},"type":"if","locations":[{"start":{"line":38,"column":4},"end":{"line":41,"column":5}},{"start":{},"end":{}}]},"1":{"loc":{"start":{"line":53,"column":4},"end":{"line":53,"column":49}},"type":"if","locations":[{"start":{"line":53,"column":4},"end":{"line":53,"column":49}},{"start":{},"end":{}}]},"2":{"loc":{"start":{"line":92,"column":4},"end":{"line":94,"column":5}},"type":"if","locations":[{"start":{"line":92,"column":4},"end":{"line":94,"column":5}},{"start":{},"end":{}}]}},"s":{"0":0,"1":0,"2":0,"3":0,"4":0,"5":0,"6":0,"7":0,"8":0,"9":0,"10":0,"11":0,"12":0,"13":0,"14":0,"15":0,"16":0,"17":0,"18":0,"19":0,"20":0,"21":0,"22":0,"23":0,"24":0,"25":0,"26":0,"27":0,"28":0,"29":0,"30":0,"31":0,"32":0,"33":0,"34":0,"35":0,"36":0,"37":0,"38":0,"39":0,"40":0,"41":0},"f":{"0":0,"1":0,"2":0,"3":0,"4":0,"5":0,"6":0,"7":0,"8":0,"9":0,"10":0},"b":{"0":[0,0],"1":[0,0],"2":[0,0]}}
,"C:\\Code\\inexu-coordinadora\\iuKer\\src\\core\\infraestructura\\repositorios\\postgres\\clientePostgres.ts": {"path":"C:\\Code\\inexu-coordinadora\\iuKer\\src\\core\\infraestructura\\repositorios\\postgres\\clientePostgres.ts","statementMap":{"0":{"start":{"line":4,"column":13},"end":{"line":10,"column":2}},"1":{"start":{"line":16,"column":2},"end":{"line":16,"column":48}}},"fnMap":{"0":{"name":"ejecutarConsulta","decl":{"start":{"line":12,"column":22},"end":{"line":12,"column":38}},"loc":{"start":{"line":14,"column":44},"end":{"line":17,"column":1}}}},"branchMap":{},"s":{"0":0,"1":0},"f":{"0":0},"b":{}}
,"C:\\Code\\inexu-coordinadora\\iuKer\\src\\core\\infraestructura\\repositorios\\postgres\\mappers\\asignacion.mapper.ts": {"path":"C:\\Code\\inexu-coordinadora\\iuKer\\src\\core\\infraestructura\\repositorios\\postgres\\mappers\\asignacion.mapper.ts","statementMap":{"0":{"start":{"line":10,"column":2},"end":{"line":12,"column":4}}},"fnMap":{"0":{"name":"mapIdFilaAsignacion","decl":{"start":{"line":7,"column":16},"end":{"line":7,"column":35}},"loc":{"start":{"line":8,"column":24},"end":{"line":13,"column":1}}}},"branchMap":{},"s":{"0":0},"f":{"0":0},"b":{}}
,"C:\\Code\\inexu-coordinadora\\iuKer\\src\\core\\infraestructura\\repositorios\\postgres\\mappers\\citaMedica.mapper.ts": {"path":"C:\\Code\\inexu-coordinadora\\iuKer\\src\\core\\infraestructura\\repositorios\\postgres\\mappers\\citaMedica.mapper.ts","statementMap":{"0":{"start":{"line":19,"column":2},"end":{"line":32,"column":4}}},"fnMap":{"0":{"name":"mapFilaCitaMedica","decl":{"start":{"line":18,"column":16},"end":{"line":18,"column":33}},"loc":{"start":{"line":18,"column":54},"end":{"line":33,"column":1}}}},"branchMap":{},"s":{"0":0},"f":{"0":0},"b":{}}
,"C:\\Code\\inexu-coordinadora\\iuKer\\src\\core\\infraestructura\\repositorios\\postgres\\mappers\\consultaCitasPaciente.mapper.ts": {"path":"C:\\Code\\inexu-coordinadora\\iuKer\\src\\core\\infraestructura\\repositorios\\postgres\\mappers\\consultaCitasPaciente.mapper.ts","statementMap":{"0":{"start":{"line":12,"column":4},"end":{"line":18,"column":6}}},"fnMap":{"0":{"name":"mapFilaCitaPaciente","decl":{"start":{"line":11,"column":16},"end":{"line":11,"column":35}},"loc":{"start":{"line":11,"column":58},"end":{"line":19,"column":1}}}},"branchMap":{},"s":{"0":0},"f":{"0":0},"b":{}}
,"C:\\Code\\inexu-coordinadora\\iuKer\\src\\core\\infraestructura\\repositorios\\postgres\\mappers\\consultorio.mapper.ts": {"path":"C:\\Code\\inexu-coordinadora\\iuKer\\src\\core\\infraestructura\\repositorios\\postgres\\mappers\\consultorio.mapper.ts","statementMap":{"0":{"start":{"line":8,"column":4},"end":{"line":11,"column":6}}},"fnMap":{"0":{"name":"mapFilaConsultorio","decl":{"start":{"line":7,"column":16},"end":{"line":7,"column":34}},"loc":{"start":{"line":7,"column":55},"end":{"line":12,"column":1}}}},"branchMap":{},"s":{"0":0},"f":{"0":0},"b":{}}
,"C:\\Code\\inexu-coordinadora\\iuKer\\src\\core\\infraestructura\\repositorios\\postgres\\mappers\\medico.mappers.ts": {"path":"C:\\Code\\inexu-coordinadora\\iuKer\\src\\core\\infraestructura\\repositorios\\postgres\\mappers\\medico.mappers.ts","statementMap":{"0":{"start":{"line":17,"column":4},"end":{"line":28,"column":6}}},"fnMap":{"0":{"name":"mapFilaMedico","decl":{"start":{"line":16,"column":16},"end":{"line":16,"column":29}},"loc":{"start":{"line":16,"column":46},"end":{"line":29,"column":1}}}},"branchMap":{},"s":{"0":0},"f":{"0":0},"b":{}}
,"C:\\Code\\inexu-coordinadora\\iuKer\\src\\core\\infraestructura\\repositorios\\postgres\\mappers\\paciente.mapper.ts": {"path":"C:\\Code\\inexu-coordinadora\\iuKer\\src\\core\\infraestructura\\repositorios\\postgres\\mappers\\paciente.mapper.ts","statementMap":{"0":{"start":{"line":16,"column":2},"end":{"line":26,"column":4}}},"fnMap":{"0":{"name":"mapFilaPaciente","decl":{"start":{"line":15,"column":16},"end":{"line":15,"column":31}},"loc":{"start":{"line":15,"column":50},"end":{"line":27,"column":1}}}},"branchMap":{},"s":{"0":0},"f":{"0":0},"b":{}}
}
