TN:
SF:src\core\aplicacion\citaMedica\CitasMedicasCasosUso.ts
FN:8,(anonymous_0)
FN:10,(anonymous_1)
FN:14,(anonymous_2)
FN:28,(anonymous_3)
FNF:4
FNH:4
FNDA:7,(anonymous_0)
FNDA:3,(anonymous_1)
FNDA:4,(anonymous_2)
FNDA:2,(anonymous_3)
DA:4,1
DA:5,1
DA:7,1
DA:8,7
DA:11,3
DA:17,4
DA:21,4
DA:22,2
DA:25,2
DA:29,2
DA:31,1
DA:32,0
DA:35,1
LF:13
LH:12
BRDA:21,0,0,2
BRDA:21,0,1,2
BRDA:31,1,0,0
BRDA:31,1,1,1
BRF:4
BRH:3
end_of_record
TN:
SF:src\core\aplicacion\consultorio\ConsultoriosCasosUso.ts
FN:9,(anonymous_0)
FN:11,(anonymous_1)
FN:28,(anonymous_2)
FN:34,(anonymous_3)
FN:48,(anonymous_4)
FN:67,(anonymous_5)
FNF:6
FNH:6
FNDA:17,(anonymous_0)
FNDA:5,(anonymous_1)
FNDA:3,(anonymous_2)
FNDA:3,(anonymous_3)
FNDA:3,(anonymous_4)
FNDA:3,(anonymous_5)
DA:5,1
DA:6,1
DA:8,1
DA:9,17
DA:15,5
DA:19,5
DA:20,1
DA:24,4
DA:25,4
DA:31,3
DA:38,3
DA:40,3
DA:41,1
DA:44,2
DA:45,2
DA:53,3
DA:55,3
DA:56,1
DA:60,2
DA:64,2
DA:69,3
DA:71,3
DA:72,1
DA:75,2
LF:24
LH:24
BRDA:19,0,0,1
BRDA:19,0,1,4
BRDA:40,1,0,1
BRDA:40,1,1,2
BRDA:55,2,0,1
BRDA:55,2,1,2
BRDA:64,3,0,2
BRDA:64,3,1,1
BRDA:71,4,0,1
BRDA:71,4,1,2
BRF:10
BRH:10
end_of_record
TN:
SF:src\core\aplicacion\medico\MedicosCasosUso.ts
FN:10,(anonymous_0)
FN:16,(anonymous_1)
FN:20,(anonymous_2)
FN:24,(anonymous_3)
FN:32,(anonymous_4)
FN:42,(anonymous_5)
FNF:6
FNH:0
FNDA:0,(anonymous_0)
FNDA:0,(anonymous_1)
FNDA:0,(anonymous_2)
FNDA:0,(anonymous_3)
FNDA:0,(anonymous_4)
FNDA:0,(anonymous_5)
DA:11,0
DA:12,0
DA:13,0
DA:17,0
DA:21,0
DA:27,0
DA:36,0
DA:43,0
DA:46,0
DA:49,0
LF:10
LH:0
BRF:0
BRH:0
end_of_record
TN:
SF:src\core\aplicacion\paciente\PacientesCasosUso.ts
FN:11,(anonymous_0)
FN:16,(anonymous_1)
FN:20,(anonymous_2)
FN:33,(anonymous_3)
FN:54,(anonymous_4)
FN:71,(anonymous_5)
FNF:6
FNH:0
FNDA:0,(anonymous_0)
FNDA:0,(anonymous_1)
FNDA:0,(anonymous_2)
FNDA:0,(anonymous_3)
FNDA:0,(anonymous_4)
FNDA:0,(anonymous_5)
DA:12,0
DA:13,0
DA:17,0
DA:24,0
DA:26,0
DA:27,0
DA:30,0
DA:36,0
DA:39,0
DA:44,0
DA:45,0
DA:48,0
DA:51,0
DA:58,0
DA:62,0
DA:63,0
DA:67,0
DA:68,0
DA:72,0
DA:76,0
DA:77,0
DA:82,0
LF:22
LH:0
BRDA:26,0,0,0
BRDA:26,0,1,0
BRDA:44,1,0,0
BRDA:44,1,1,0
BRDA:62,2,0,0
BRDA:62,2,1,0
BRDA:68,3,0,0
BRDA:68,3,1,0
BRDA:76,4,0,0
BRDA:76,4,1,0
BRF:10
BRH:0
end_of_record
TN:
SF:src\core\aplicacion\servicios\agendamientoCitasMedicas\AgendamientoCitasCasosUso.ts
FN:13,(anonymous_0)
FN:19,(anonymous_1)
FN:47,(anonymous_2)
FN:55,(anonymous_3)
FN:64,(anonymous_4)
FN:70,(anonymous_5)
FN:86,(anonymous_6)
FN:102,(anonymous_7)
FNF:8
FNH:0
FNDA:0,(anonymous_0)
FNDA:0,(anonymous_1)
FNDA:0,(anonymous_2)
FNDA:0,(anonymous_3)
FNDA:0,(anonymous_4)
FNDA:0,(anonymous_5)
FNDA:0,(anonymous_6)
FNDA:0,(anonymous_7)
DA:14,0
DA:15,0
DA:16,0
DA:22,0
DA:23,0
DA:24,0
DA:25,0
DA:30,0
DA:35,0
DA:42,0
DA:44,0
DA:48,0
DA:52,0
DA:57,0
DA:61,0
DA:65,0
DA:66,0
DA:67,0
DA:76,0
DA:82,0
DA:83,0
DA:92,0
DA:98,0
DA:99,0
DA:109,0
DA:116,0
DA:117,0
LF:27
LH:0
BRDA:52,0,0,0
BRDA:52,0,1,0
BRDA:61,1,0,0
BRDA:61,1,1,0
BRDA:66,2,0,0
BRDA:66,2,1,0
BRDA:82,3,0,0
BRDA:82,3,1,0
BRDA:98,4,0,0
BRDA:98,4,1,0
BRDA:116,5,0,0
BRDA:116,5,1,0
BRF:12
BRH:0
end_of_record
TN:
SF:src\core\aplicacion\servicios\asignacionMedico\AsignacionCasosUso.ts
FN:11,(anonymous_0)
FN:17,(anonymous_1)
FN:70,(anonymous_2)
FNF:3
FNH:0
FNDA:0,(anonymous_0)
FNDA:0,(anonymous_1)
FNDA:0,(anonymous_2)
DA:12,0
DA:13,0
DA:14,0
DA:19,0
DA:22,0
DA:23,0
DA:27,0
DA:30,0
DA:31,0
DA:35,0
DA:42,0
DA:43,0
DA:49,0
DA:55,0
DA:56,0
DA:60,0
DA:63,0
DA:67,0
DA:71,0
LF:19
LH:0
BRDA:22,0,0,0
BRDA:22,0,1,0
BRDA:30,1,0,0
BRDA:30,1,1,0
BRDA:42,2,0,0
BRDA:42,2,1,0
BRDA:55,3,0,0
BRDA:55,3,1,0
BRF:8
BRH:0
end_of_record
TN:
SF:src\core\aplicacion\servicios\cancelacionReprogramacionCita\CancelacionReprogramacionCitasCasosUso.ts
FN:15,(anonymous_0)
FN:20,(anonymous_1)
FN:42,(anonymous_2)
FN:132,(anonymous_3)
FNF:4
FNH:0
FNDA:0,(anonymous_0)
FNDA:0,(anonymous_1)
FNDA:0,(anonymous_2)
FNDA:0,(anonymous_3)
DA:16,0
DA:17,0
DA:22,0
DA:26,0
DA:27,0
DA:31,0
DA:32,0
DA:35,0
DA:36,0
DA:39,0
DA:46,0
DA:50,0
DA:54,0
DA:55,0
DA:57,0
DA:58,0
DA:61,0
DA:62,0
DA:65,0
DA:66,0
DA:70,0
DA:73,0
DA:74,0
DA:77,0
DA:83,0
DA:84,0
DA:88,0
DA:96,0
DA:97,0
DA:104,0
DA:111,0
DA:112,0
DA:116,0
DA:127,0
DA:133,0
DA:135,0
DA:136,0
DA:138,0
DA:139,0
DA:141,0
DA:142,0
DA:144,0
DA:145,0
DA:147,0
LF:44
LH:0
BRDA:26,0,0,0
BRDA:26,0,1,0
BRDA:31,1,0,0
BRDA:31,1,1,0
BRDA:35,2,0,0
BRDA:35,2,1,0
BRDA:54,3,0,0
BRDA:54,3,1,0
BRDA:57,4,0,0
BRDA:57,4,1,0
BRDA:61,5,0,0
BRDA:61,5,1,0
BRDA:65,6,0,0
BRDA:65,6,1,0
BRDA:73,7,0,0
BRDA:73,7,1,0
BRDA:83,8,0,0
BRDA:83,8,1,0
BRDA:96,9,0,0
BRDA:96,9,1,0
BRDA:111,10,0,0
BRDA:111,10,1,0
BRDA:135,11,0,0
BRDA:135,11,1,0
BRDA:138,12,0,0
BRDA:138,12,1,0
BRDA:141,13,0,0
BRDA:141,13,1,0
BRDA:144,14,0,0
BRDA:144,14,1,0
BRF:30
BRH:0
end_of_record
TN:
SF:src\core\aplicacion\servicios\consultaCitasPaciente\ConsultaCitasPacienteCasosUso.ts
FN:11,(anonymous_0)
FN:16,(anonymous_1)
FNF:2
FNH:0
FNDA:0,(anonymous_0)
FNDA:0,(anonymous_1)
DA:12,0
DA:13,0
DA:20,0
DA:24,0
DA:25,0
DA:29,0
DA:34,0
DA:35,0
DA:37,0
LF:9
LH:0
BRDA:24,0,0,0
BRDA:24,0,1,0
BRDA:34,1,0,0
BRDA:34,1,1,0
BRF:4
BRH:0
end_of_record
TN:
SF:src\core\dominio\asignacionMedico\AsignacionMedico.ts
FN:10,(anonymous_0)
FNF:1
FNH:0
FNDA:0,(anonymous_0)
DA:11,0
DA:12,0
DA:13,0
DA:14,0
DA:15,0
LF:5
LH:0
BRF:0
BRH:0
end_of_record
TN:
SF:src\core\dominio\citaMedica\CitaMedica.ts
FN:11,(anonymous_0)
FNF:1
FNH:0
FNDA:0,(anonymous_0)
DA:12,0
DA:13,0
DA:14,0
DA:15,0
DA:16,0
DA:17,0
LF:6
LH:0
BRF:0
BRH:0
end_of_record
TN:
SF:src\core\dominio\consultorio\Consultorio.ts
FN:6,(anonymous_0)
FNF:1
FNH:0
FNDA:0,(anonymous_0)
DA:7,0
DA:8,0
LF:2
LH:0
BRF:0
BRH:0
end_of_record
TN:
SF:src\core\dominio\errores\ErrorDeAplicacion.ts
FN:8,(anonymous_0)
FNF:1
FNH:1
FNDA:6,(anonymous_0)
DA:4,2
DA:13,6
DA:14,6
DA:15,6
DA:16,6
DA:18,6
LF:6
LH:6
BRF:0
BRH:0
end_of_record
TN:
SF:src\core\dominio\errores\codigosDeError.enum.ts
FN:1,(anonymous_0)
FNF:1
FNH:1
FNDA:2,(anonymous_0)
DA:1,2
DA:3,2
DA:4,2
DA:5,2
DA:6,2
DA:7,2
DA:10,2
DA:11,2
DA:12,2
DA:15,2
DA:16,2
DA:17,2
DA:18,2
DA:21,2
DA:22,2
DA:23,2
DA:26,2
LF:17
LH:17
BRDA:1,0,0,2
BRDA:1,0,1,2
BRF:2
BRH:2
end_of_record
TN:
SF:src\core\dominio\errores\manejoDeErrores.ts
FN:77,crearErrorDeDominio
FNF:1
FNH:1
FNDA:6,crearErrorDeDominio
DA:1,2
DA:2,2
DA:3,2
DA:5,2
DA:77,2
DA:78,6
DA:80,6
DA:81,0
DA:88,6
LF:9
LH:8
BRDA:80,0,0,0
BRDA:80,0,1,6
BRF:2
BRH:1
end_of_record
TN:
SF:src\core\dominio\medico\Medico.ts
FN:15,(anonymous_0)
FNF:1
FNH:0
FNDA:0,(anonymous_0)
DA:16,0
DA:17,0
DA:18,0
DA:19,0
DA:20,0
DA:21,0
DA:22,0
DA:23,0
DA:24,0
DA:25,0
LF:10
LH:0
BRF:0
BRH:0
end_of_record
TN:
SF:src\core\dominio\paciente\Paciente.ts
FN:14,(anonymous_0)
FNF:1
FNH:0
FNDA:0,(anonymous_0)
DA:15,0
DA:16,0
DA:17,0
DA:18,0
DA:19,0
DA:20,0
DA:21,0
DA:22,0
DA:23,0
LF:9
LH:0
BRF:0
BRH:0
end_of_record
TN:
SF:src\core\infraestructura\app.ts
FN:17,(anonymous_0)
FN:28,(anonymous_1)
FNF:2
FNH:0
FNDA:0,(anonymous_0)
FNDA:0,(anonymous_1)
DA:11,0
DA:14,0
DA:16,0
DA:18,0
DA:19,0
DA:20,0
DA:21,0
DA:23,0
DA:28,0
DA:29,0
DA:30,0
DA:31,0
DA:33,0
DA:34,0
DA:40,0
LF:15
LH:0
BRF:0
BRH:0
end_of_record
TN:
SF:src\core\infraestructura\controladores\AsignacionesControlador.ts
FN:10,(anonymous_0)
FN:12,(anonymous_1)
FN:31,(anonymous_2)
FNF:3
FNH:0
FNDA:0,(anonymous_0)
FNDA:0,(anonymous_1)
FNDA:0,(anonymous_2)
DA:10,0
DA:12,0
DA:16,0
DA:17,0
DA:18,0
DA:22,0
DA:27,0
DA:31,0
DA:35,0
DA:36,0
DA:37,0
DA:41,0
DA:45,0
LF:13
LH:0
BRF:0
BRH:0
end_of_record
TN:
SF:src\core\infraestructura\controladores\CitasMedicasControlador.ts
FN:13,(anonymous_0)
FN:19,(anonymous_1)
FN:37,(anonymous_2)
FN:56,(anonymous_3)
FN:75,(anonymous_4)
FN:93,(anonymous_5)
FN:110,(anonymous_6)
FN:136,(anonymous_7)
FNF:8
FNH:0
FNDA:0,(anonymous_0)
FNDA:0,(anonymous_1)
FNDA:0,(anonymous_2)
FNDA:0,(anonymous_3)
FNDA:0,(anonymous_4)
FNDA:0,(anonymous_5)
FNDA:0,(anonymous_6)
FNDA:0,(anonymous_7)
DA:14,0
DA:15,0
DA:16,0
DA:19,0
DA:23,0
DA:24,0
DA:25,0
DA:28,0
DA:33,0
DA:37,0
DA:41,0
DA:42,0
DA:43,0
DA:47,0
DA:52,0
DA:56,0
DA:60,0
DA:61,0
DA:62,0
DA:66,0
DA:71,0
DA:75,0
DA:79,0
DA:80,0
DA:82,0
DA:84,0
DA:89,0
DA:93,0
DA:97,0
DA:98,0
DA:99,0
DA:101,0
DA:106,0
DA:110,0
DA:117,0
DA:118,0
DA:119,0
DA:122,0
DA:127,0
DA:132,0
DA:136,0
DA:140,0
DA:141,0
DA:143,0
DA:145,0
DA:150,0
LF:46
LH:0
BRF:0
BRH:0
end_of_record
TN:
SF:src\core\infraestructura\controladores\ConsultoriosControlador.ts
FN:9,(anonymous_0)
FN:10,(anonymous_1)
FN:29,(anonymous_2)
FN:46,(anonymous_3)
FN:69,(anonymous_4)
FN:89,(anonymous_5)
FNF:6
FNH:0
FNDA:0,(anonymous_0)
FNDA:0,(anonymous_1)
FNDA:0,(anonymous_2)
FNDA:0,(anonymous_3)
FNDA:0,(anonymous_4)
FNDA:0,(anonymous_5)
DA:9,0
DA:10,0
DA:14,0
DA:15,0
DA:17,0
DA:19,0
DA:25,0
DA:29,0
DA:33,0
DA:34,0
DA:36,0
DA:38,0
DA:43,0
DA:46,0
DA:50,0
DA:51,0
DA:53,0
DA:58,0
DA:60,0
DA:65,0
DA:69,0
DA:73,0
DA:74,0
DA:75,0
DA:77,0
DA:80,0
DA:85,0
DA:89,0
DA:93,0
DA:94,0
DA:96,0
DA:97,0
DA:103,0
DA:105,0
DA:107,0
DA:112,0
LF:36
LH:0
BRDA:96,0,0,0
BRDA:96,0,1,0
BRDA:96,1,0,0
BRDA:96,1,1,0
BRF:4
BRH:0
end_of_record
TN:
SF:src\core\infraestructura\controladores\MedicosControlador.ts
FN:12,(anonymous_0)
FN:14,(anonymous_1)
FN:33,(anonymous_2)
FN:53,(anonymous_3)
FN:73,(anonymous_4)
FN:97,(anonymous_5)
FNF:6
FNH:0
FNDA:0,(anonymous_0)
FNDA:0,(anonymous_1)
FNDA:0,(anonymous_2)
FNDA:0,(anonymous_3)
FNDA:0,(anonymous_4)
FNDA:0,(anonymous_5)
DA:12,0
DA:14,0
DA:18,0
DA:19,0
DA:20,0
DA:24,0
DA:29,0
DA:33,0
DA:37,0
DA:38,0
DA:39,0
DA:43,0
DA:49,0
DA:53,0
DA:57,0
DA:58,0
DA:60,0
DA:64,0
DA:69,0
DA:73,0
DA:80,0
DA:81,0
DA:82,0
DA:83,0
DA:88,0
DA:93,0
DA:97,0
DA:101,0
DA:102,0
DA:103,0
DA:105,0
DA:110,0
LF:32
LH:0
BRF:0
BRH:0
end_of_record
TN:
SF:src\core\infraestructura\controladores\PacientesControlador.ts
FN:10,(anonymous_0)
FN:15,(anonymous_1)
FN:30,(anonymous_2)
FN:44,(anonymous_3)
FN:58,(anonymous_4)
FN:80,(anonymous_5)
FN:94,(anonymous_6)
FNF:7
FNH:0
FNDA:0,(anonymous_0)
FNDA:0,(anonymous_1)
FNDA:0,(anonymous_2)
FNDA:0,(anonymous_3)
FNDA:0,(anonymous_4)
FNDA:0,(anonymous_5)
FNDA:0,(anonymous_6)
DA:11,0
DA:12,0
DA:15,0
DA:16,0
DA:17,0
DA:18,0
DA:20,0
DA:26,0
DA:30,0
DA:31,0
DA:32,0
DA:33,0
DA:35,0
DA:40,0
DA:44,0
DA:45,0
DA:46,0
DA:47,0
DA:49,0
DA:54,0
DA:58,0
DA:65,0
DA:66,0
DA:67,0
DA:69,0
DA:71,0
DA:76,0
DA:80,0
DA:81,0
DA:82,0
DA:83,0
DA:85,0
DA:90,0
DA:94,0
DA:101,0
DA:102,0
DA:103,0
DA:105,0
DA:107,0
DA:112,0
DA:113,0
DA:114,0
DA:119,0
LF:43
LH:0
BRDA:103,0,0,0
BRDA:103,0,1,0
BRDA:113,1,0,0
BRDA:113,1,1,0
BRDA:116,2,0,0
BRDA:116,2,1,0
BRDA:121,3,0,0
BRDA:121,3,1,0
BRF:8
BRH:0
end_of_record
TN:
SF:src\core\infraestructura\controladores\estadoHttp.enum.ts
FN:1,(anonymous_0)
FNF:1
FNH:1
FNDA:2,(anonymous_0)
DA:1,2
DA:2,2
DA:3,2
DA:5,2
DA:6,2
DA:7,2
DA:9,2
LF:7
LH:7
BRDA:1,0,0,2
BRDA:1,0,1,2
BRF:2
BRH:2
end_of_record
TN:
SF:src\core\infraestructura\controladores\manejoGlobalDeErrores.ts
FN:6,(anonymous_0)
FN:23,(anonymous_1)
FNF:2
FNH:0
FNDA:0,(anonymous_0)
FNDA:0,(anonymous_1)
DA:6,0
DA:11,0
DA:12,0
DA:18,0
DA:19,0
DA:23,0
DA:30,0
DA:31,0
DA:33,0
DA:39,0
LF:10
LH:0
BRDA:11,0,0,0
BRDA:11,0,1,0
BRDA:18,1,0,0
BRDA:18,1,1,0
BRDA:22,2,0,0
BRDA:22,2,1,0
BRDA:30,3,0,0
BRDA:30,3,1,0
BRDA:41,4,0,0
BRDA:41,4,1,0
BRF:10
BRH:0
end_of_record
TN:
SF:src\core\infraestructura\esquemas\asignacionEsquema.ts
FN:27,(anonymous_0)
FNF:1
FNH:0
FNDA:0,(anonymous_0)
DA:6,0
DA:7,0
DA:9,0
DA:27,0
LF:4
LH:0
BRF:0
BRH:0
end_of_record
TN:
SF:src\core\infraestructura\esquemas\citaMedicaEsquema.ts
FNF:0
FNH:0
DA:3,0
LF:1
LH:0
BRF:0
BRH:0
end_of_record
TN:
SF:src\core\infraestructura\esquemas\consultorioEsquema.ts
FN:9,(anonymous_0)
FNF:1
FNH:0
FNDA:0,(anonymous_0)
DA:4,0
DA:9,0
LF:2
LH:0
BRDA:9,0,0,0
BRDA:9,0,1,0
BRF:2
BRH:0
end_of_record
TN:
SF:src\core\infraestructura\esquemas\esquemasComunes.ts
FN:40,(anonymous_0)
FNF:1
FNH:0
FNDA:0,(anonymous_0)
DA:3,0
DA:11,0
DA:16,0
DA:22,0
DA:28,0
DA:36,0
DA:40,0
DA:44,0
DA:49,0
DA:55,0
DA:62,0
DA:69,0
DA:76,0
LF:13
LH:0
BRF:0
BRH:0
end_of_record
TN:
SF:src\core\infraestructura\esquemas\medicoEsquema.ts
FNF:0
FNH:0
DA:4,0
LF:1
LH:0
BRF:0
BRH:0
end_of_record
TN:
SF:src\core\infraestructura\esquemas\pacienteEsquema.ts
FNF:0
FNH:0
DA:4,0
LF:1
LH:0
BRF:0
BRH:0
end_of_record
TN:
SF:src\core\infraestructura\esquemas\variablesEntornoEsquema.ts
FNF:0
FNH:0
DA:3,0
LF:1
LH:0
BRF:0
BRH:0
end_of_record
TN:
SF:src\core\infraestructura\repositorios\postgres\AsignacionMedicoRepositorio.ts
FN:14,(anonymous_0)
FN:40,(anonymous_1)
FN:63,(anonymous_2)
FN:66,(anonymous_3)
FN:70,(anonymous_4)
FN:85,(anonymous_5)
FNF:6
FNH:0
FNDA:0,(anonymous_0)
FNDA:0,(anonymous_1)
FNDA:0,(anonymous_2)
FNDA:0,(anonymous_3)
FNDA:0,(anonymous_4)
FNDA:0,(anonymous_5)
DA:22,0
DA:29,0
DA:37,0
DA:47,0
DA:53,0
DA:60,0
DA:66,0
DA:67,0
DA:69,0
DA:70,0
DA:72,0
DA:78,0
DA:80,0
DA:82,0
DA:86,0
DA:88,0
DA:91,0
LF:17
LH:0
BRF:0
BRH:0
end_of_record
TN:
SF:src\core\infraestructura\repositorios\postgres\CitasMedicasRepositorio.ts
FN:13,(anonymous_0)
FN:42,(anonymous_1)
FN:59,(anonymous_2)
FN:73,(anonymous_3)
FN:107,(anonymous_4)
FN:140,(anonymous_5)
FN:158,(anonymous_6)
FN:159,(anonymous_7)
FN:161,(anonymous_8)
FN:174,(anonymous_9)
FN:182,(anonymous_10)
FN:197,(anonymous_11)
FN:210,(anonymous_12)
FN:223,(anonymous_13)
FN:247,(anonymous_14)
FN:256,(anonymous_15)
FNF:16
FNH:0
FNDA:0,(anonymous_0)
FNDA:0,(anonymous_1)
FNDA:0,(anonymous_2)
FNDA:0,(anonymous_3)
FNDA:0,(anonymous_4)
FNDA:0,(anonymous_5)
FNDA:0,(anonymous_6)
FNDA:0,(anonymous_7)
FNDA:0,(anonymous_8)
FNDA:0,(anonymous_9)
FNDA:0,(anonymous_10)
FNDA:0,(anonymous_11)
FNDA:0,(anonymous_12)
FNDA:0,(anonymous_13)
FNDA:0,(anonymous_14)
FNDA:0,(anonymous_15)
DA:14,0
DA:43,0
DA:45,0
DA:47,0
DA:48,0
DA:49,0
DA:52,0
DA:54,0
DA:55,0
DA:56,0
DA:60,0
DA:61,0
DA:63,0
DA:65,0
DA:66,0
DA:68,0
DA:79,0
DA:81,0
DA:91,0
DA:93,0
DA:94,0
DA:95,0
DA:98,0
DA:99,0
DA:114,0
DA:115,0
DA:126,0
DA:127,0
DA:128,0
DA:129,0
DA:132,0
DA:133,0
DA:141,0
DA:142,0
DA:143,0
DA:145,0
DA:153,0
DA:155,0
DA:159,0
DA:160,0
DA:161,0
DA:163,0
DA:169,0
DA:170,0
DA:171,0
DA:176,0
DA:178,0
DA:183,0
DA:187,0
DA:193,0
DA:198,0
DA:205,0
DA:206,0
DA:207,0
DA:211,0
DA:218,0
DA:219,0
DA:220,0
DA:224,0
DA:225,0
DA:235,0
DA:236,0
DA:237,0
DA:240,0
DA:242,0
DA:243,0
DA:244,0
DA:248,0
DA:253,0
DA:257,0
DA:262,0
LF:71
LH:0
BRDA:47,0,0,0
BRDA:47,0,1,0
BRDA:63,1,0,0
BRDA:63,1,1,0
BRDA:93,2,0,0
BRDA:93,2,1,0
BRDA:127,3,0,0
BRDA:127,3,1,0
BRDA:235,4,0,0
BRDA:235,4,1,0
BRF:10
BRH:0
end_of_record
TN:
SF:src\core\infraestructura\repositorios\postgres\ConsultoriosRepositorio.ts
FN:10,(anonymous_0)
FN:11,(anonymous_1)
FN:13,(anonymous_2)
FN:25,(anonymous_3)
FN:40,(anonymous_4)
FN:53,(anonymous_5)
FN:54,(anonymous_6)
FN:56,(anonymous_7)
FN:73,(anonymous_8)
FNF:9
FNH:0
FNDA:0,(anonymous_0)
FNDA:0,(anonymous_1)
FNDA:0,(anonymous_2)
FNDA:0,(anonymous_3)
FNDA:0,(anonymous_4)
FNDA:0,(anonymous_5)
FNDA:0,(anonymous_6)
FNDA:0,(anonymous_7)
FNDA:0,(anonymous_8)
DA:11,0
DA:12,0
DA:13,0
DA:15,0
DA:20,0
DA:21,0
DA:22,0
DA:26,0
DA:27,0
DA:29,0
DA:30,0
DA:31,0
DA:34,0
DA:35,0
DA:36,0
DA:37,0
DA:41,0
DA:44,0
DA:46,0
DA:48,0
DA:49,0
DA:50,0
DA:54,0
DA:55,0
DA:56,0
DA:57,0
DA:59,0
DA:66,0
DA:67,0
DA:69,0
DA:70,0
DA:74,0
LF:32
LH:0
BRDA:29,0,0,0
BRDA:29,0,1,0
BRDA:46,1,0,0
BRDA:46,1,1,0
BRDA:67,2,0,0
BRDA:67,2,1,0
BRF:6
BRH:0
end_of_record
TN:
SF:src\core\infraestructura\repositorios\postgres\MedicosRepositorio.ts
FN:9,(anonymous_0)
FN:11,(anonymous_1)
FN:12,(anonymous_2)
FN:13,(anonymous_3)
FN:37,(anonymous_4)
FN:58,(anonymous_5)
FN:73,(anonymous_6)
FN:75,(anonymous_7)
FN:80,(anonymous_8)
FN:81,(anonymous_9)
FN:82,(anonymous_10)
FN:98,(anonymous_11)
FNF:12
FNH:0
FNDA:0,(anonymous_0)
FNDA:0,(anonymous_1)
FNDA:0,(anonymous_2)
FNDA:0,(anonymous_3)
FNDA:0,(anonymous_4)
FNDA:0,(anonymous_5)
FNDA:0,(anonymous_6)
FNDA:0,(anonymous_7)
FNDA:0,(anonymous_8)
FNDA:0,(anonymous_9)
FNDA:0,(anonymous_10)
FNDA:0,(anonymous_11)
DA:10,0
DA:11,0
DA:12,0
DA:13,0
DA:15,0
DA:31,0
DA:32,0
DA:33,0
DA:34,0
DA:39,0
DA:45,0
DA:47,0
DA:48,0
DA:49,0
DA:52,0
DA:53,0
DA:54,0
DA:55,0
DA:59,0
DA:67,0
DA:68,0
DA:69,0
DA:70,0
DA:75,0
DA:76,0
DA:77,0
DA:80,0
DA:81,0
DA:82,0
DA:83,0
DA:85,0
DA:92,0
DA:93,0
DA:94,0
DA:95,0
DA:99,0
LF:36
LH:0
BRDA:47,0,0,0
BRDA:47,0,1,0
BRDA:70,1,0,0
BRDA:70,1,1,0
BRDA:76,2,0,0
BRDA:76,2,1,0
BRDA:95,3,0,0
BRDA:95,3,1,0
BRF:8
BRH:0
end_of_record
TN:
SF:src\core\infraestructura\repositorios\postgres\PacientesRepositorio.ts
FN:10,(anonymous_0)
FN:25,(anonymous_1)
FN:34,(anonymous_2)
FN:49,(anonymous_3)
FN:61,(anonymous_4)
FN:62,(anonymous_5)
FN:64,(anonymous_6)
FN:77,(anonymous_7)
FN:78,(anonymous_8)
FN:80,(anonymous_9)
FN:101,(anonymous_10)
FNF:11
FNH:0
FNDA:0,(anonymous_0)
FNDA:0,(anonymous_1)
FNDA:0,(anonymous_2)
FNDA:0,(anonymous_3)
FNDA:0,(anonymous_4)
FNDA:0,(anonymous_5)
FNDA:0,(anonymous_6)
FNDA:0,(anonymous_7)
FNDA:0,(anonymous_8)
FNDA:0,(anonymous_9)
FNDA:0,(anonymous_10)
DA:11,0
DA:27,0
DA:28,0
DA:31,0
DA:35,0
DA:36,0
DA:38,0
DA:39,0
DA:40,0
DA:43,0
DA:44,0
DA:45,0
DA:46,0
DA:50,0
DA:51,0
DA:53,0
DA:55,0
DA:56,0
DA:58,0
DA:62,0
DA:63,0
DA:64,0
DA:66,0
DA:72,0
DA:73,0
DA:74,0
DA:78,0
DA:79,0
DA:80,0
DA:81,0
DA:83,0
DA:90,0
DA:92,0
DA:93,0
DA:96,0
DA:98,0
DA:102,0
LF:37
LH:0
BRDA:38,0,0,0
BRDA:38,0,1,0
BRDA:53,1,0,0
BRDA:53,1,1,0
BRDA:92,2,0,0
BRDA:92,2,1,0
BRF:6
BRH:0
end_of_record
TN:
SF:src\core\infraestructura\repositorios\postgres\clientePostgres.ts
FN:12,ejecutarConsulta
FNF:1
FNH:0
FNDA:0,ejecutarConsulta
DA:4,0
DA:16,0
LF:2
LH:0
BRF:0
BRH:0
end_of_record
TN:
SF:src\core\infraestructura\repositorios\postgres\mappers\asignacion.mapper.ts
FN:7,mapIdFilaAsignacion
FNF:1
FNH:0
FNDA:0,mapIdFilaAsignacion
DA:10,0
LF:1
LH:0
BRF:0
BRH:0
end_of_record
TN:
SF:src\core\infraestructura\repositorios\postgres\mappers\citaMedica.mapper.ts
FN:18,mapFilaCitaMedica
FNF:1
FNH:0
FNDA:0,mapFilaCitaMedica
DA:19,0
LF:1
LH:0
BRF:0
BRH:0
end_of_record
TN:
SF:src\core\infraestructura\repositorios\postgres\mappers\consultaCitasPaciente.mapper.ts
FN:11,mapFilaCitaPaciente
FNF:1
FNH:0
FNDA:0,mapFilaCitaPaciente
DA:12,0
LF:1
LH:0
BRF:0
BRH:0
end_of_record
TN:
SF:src\core\infraestructura\repositorios\postgres\mappers\consultorio.mapper.ts
FN:7,mapFilaConsultorio
FNF:1
FNH:0
FNDA:0,mapFilaConsultorio
DA:8,0
LF:1
LH:0
BRF:0
BRH:0
end_of_record
TN:
SF:src\core\infraestructura\repositorios\postgres\mappers\medico.mappers.ts
FN:16,mapFilaMedico
FNF:1
FNH:0
FNDA:0,mapFilaMedico
DA:17,0
LF:1
LH:0
BRF:0
BRH:0
end_of_record
TN:
SF:src\core\infraestructura\repositorios\postgres\mappers\paciente.mapper.ts
FN:15,mapFilaPaciente
FNF:1
FNH:0
FNDA:0,mapFilaPaciente
DA:16,0
LF:1
LH:0
BRF:0
BRH:0
end_of_record
